2024.12.12 15:42:44 INFO  Started: Metals version 1.4.1 in folders '/home/mmeyer/Desktop/myfiles/formal-verification' for client Visual Studio Code 1.94.0.[0m
2024.12.12 15:42:45 WARN  Flyway upgrade recommended: H2 2.3.232 is newer than this version of Flyway and support has not been tested. The latest supported version of H2 is 2.2.224.[0m
2024.12.12 15:42:46 INFO  Attempting to connect to the build server...[0m
2024.12.12 15:42:46 INFO  Running BSP server List(/home/mmeyer/Desktop/myfiles/coursier/bin/.scala-cli.aux, bsp, --json-options, /home/mmeyer/Desktop/myfiles/formal-verification/.scala-build/ide-options-v2.json, --json-launcher-options, /home/mmeyer/Desktop/myfiles/formal-verification/.scala-build/ide-launcher-options.json, --envs-file, /home/mmeyer/Desktop/myfiles/formal-verification/.scala-build/ide-envs.json, /home/mmeyer/Desktop/myfiles/formal-verification/tests.scala)[0m
2024.12.12 15:42:46 INFO  tracing is disabled for protocol BSP, to enable tracing of incoming and outgoing JSON messages create an empty file at /home/mmeyer/Desktop/myfiles/formal-verification/.metals/bsp.trace.json or /home/mmeyer/.cache/metals/bsp.trace.json[0m
2024.12.12 15:42:47 INFO  BSP server: Error: java.nio.file.NoSuchFileException: /home/mmeyer/Desktop/myfiles/formal-verification/tests.scala[0m
2024.12.12 15:42:47 INFO  BSP server: For more details, please see '/home/mmeyer/Desktop/myfiles/formal-verification/.scala-build/stacktraces/1734014567-12606857006486106071.log'[0m
2024.12.12 15:43:46 ERROR Timeout waiting for 'build/initialize' response[0m
2024.12.12 15:43:46 WARN  Retrying connection to the build server scala-cli[0m
2024.12.12 15:43:46 INFO  Running BSP server List(/home/mmeyer/Desktop/myfiles/coursier/bin/.scala-cli.aux, bsp, --json-options, /home/mmeyer/Desktop/myfiles/formal-verification/.scala-build/ide-options-v2.json, --json-launcher-options, /home/mmeyer/Desktop/myfiles/formal-verification/.scala-build/ide-launcher-options.json, --envs-file, /home/mmeyer/Desktop/myfiles/formal-verification/.scala-build/ide-envs.json, /home/mmeyer/Desktop/myfiles/formal-verification/tests.scala)[0m
2024.12.12 15:43:46 INFO  tracing is disabled for protocol BSP, to enable tracing of incoming and outgoing JSON messages create an empty file at /home/mmeyer/Desktop/myfiles/formal-verification/.metals/bsp.trace.json or /home/mmeyer/.cache/metals/bsp.trace.json[0m
2024.12.12 15:43:47 INFO  BSP server: Error: java.nio.file.NoSuchFileException: /home/mmeyer/Desktop/myfiles/formal-verification/tests.scala[0m
2024.12.12 15:43:47 INFO  BSP server: For more details, please see '/home/mmeyer/Desktop/myfiles/formal-verification/.scala-build/stacktraces/1734014627-3685868337209054783.log'[0m
2024.12.12 15:44:46 ERROR Timeout waiting for 'build/initialize' response[0m
2024.12.12 15:44:46 WARN  Retrying connection to the build server scala-cli[0m
2024.12.12 15:44:46 INFO  Running BSP server List(/home/mmeyer/Desktop/myfiles/coursier/bin/.scala-cli.aux, bsp, --json-options, /home/mmeyer/Desktop/myfiles/formal-verification/.scala-build/ide-options-v2.json, --json-launcher-options, /home/mmeyer/Desktop/myfiles/formal-verification/.scala-build/ide-launcher-options.json, --envs-file, /home/mmeyer/Desktop/myfiles/formal-verification/.scala-build/ide-envs.json, /home/mmeyer/Desktop/myfiles/formal-verification/tests.scala)[0m
2024.12.12 15:44:46 INFO  tracing is disabled for protocol BSP, to enable tracing of incoming and outgoing JSON messages create an empty file at /home/mmeyer/Desktop/myfiles/formal-verification/.metals/bsp.trace.json or /home/mmeyer/.cache/metals/bsp.trace.json[0m
2024.12.12 15:44:47 INFO  BSP server: Error: java.nio.file.NoSuchFileException: /home/mmeyer/Desktop/myfiles/formal-verification/tests.scala[0m
2024.12.12 15:44:47 INFO  BSP server: For more details, please see '/home/mmeyer/Desktop/myfiles/formal-verification/.scala-build/stacktraces/1734014687-14727747684896550872.log'[0m
2024.12.12 15:45:01 INFO  no build target found for /home/mmeyer/Desktop/myfiles/formal-verification/project.scala. Using presentation compiler with project's scala-library version: 3.3.4[0m
2024.12.12 15:45:03 WARN  Could not find semantic tokens for: file:///home/mmeyer/Desktop/myfiles/formal-verification/project.scala[0m
2024.12.12 15:45:03 INFO  no build target found for /home/mmeyer/Desktop/myfiles/formal-verification/project.scala. Using presentation compiler with project's scala-library version: 3.3.4[0m
2024.12.12 15:45:04 WARN  no build target for: /home/mmeyer/Desktop/myfiles/formal-verification/project.scala[0m
2024.12.12 15:45:04 INFO  no build target found for /home/mmeyer/Desktop/myfiles/formal-verification/project.scala. Using presentation compiler with project's scala-library version: 3.3.4[0m
2024.12.12 15:45:04 INFO  no build target found for /home/mmeyer/Desktop/myfiles/formal-verification/project.scala. Using presentation compiler with project's scala-library version: 3.3.4[0m
2024.12.12 15:45:04 WARN  Could not find semantic tokens for: file:///home/mmeyer/Desktop/myfiles/formal-verification/project.scala[0m
2024.12.12 15:45:20 INFO  no build target found for /home/mmeyer/Desktop/myfiles/formal-verification/project.scala. Using presentation compiler with project's scala-library version: 3.3.4[0m
2024.12.12 15:45:20 INFO  no build target found for /home/mmeyer/Desktop/myfiles/formal-verification/project.scala. Using presentation compiler with project's scala-library version: 3.3.4[0m
2024.12.12 15:45:20 INFO  no build target found for /home/mmeyer/Desktop/myfiles/formal-verification/project.scala. Using presentation compiler with project's scala-library version: 3.3.4[0m
2024.12.12 15:45:20 INFO  no build target found for /home/mmeyer/Desktop/myfiles/formal-verification/project.scala. Using presentation compiler with project's scala-library version: 3.3.4[0m
2024.12.12 15:45:21 INFO  no build target found for /home/mmeyer/Desktop/myfiles/formal-verification/project.scala. Using presentation compiler with project's scala-library version: 3.3.4[0m
2024.12.12 15:45:21 WARN  no build target for: /home/mmeyer/Desktop/myfiles/formal-verification/project.scala[0m
2024.12.12 15:45:21 INFO  no build target found for /home/mmeyer/Desktop/myfiles/formal-verification/project.scala. Using presentation compiler with project's scala-library version: 3.3.4[0m
2024.12.12 15:45:21 INFO  no build target found for /home/mmeyer/Desktop/myfiles/formal-verification/project.scala. Using presentation compiler with project's scala-library version: 3.3.4[0m
2024.12.12 15:45:21 WARN  Could not find semantic tokens for: file:///home/mmeyer/Desktop/myfiles/formal-verification/project.scala[0m
2024.12.12 15:45:21 INFO  no build target found for /home/mmeyer/Desktop/myfiles/formal-verification/project.scala. Using presentation compiler with project's scala-library version: 3.3.4[0m
2024.12.12 15:45:46 ERROR Timeout waiting for 'build/initialize' response[0m
2024.12.12 15:45:46 WARN  Retrying connection to the build server scala-cli[0m
2024.12.12 15:45:46 INFO  Running BSP server List(/home/mmeyer/Desktop/myfiles/coursier/bin/.scala-cli.aux, bsp, --json-options, /home/mmeyer/Desktop/myfiles/formal-verification/.scala-build/ide-options-v2.json, --json-launcher-options, /home/mmeyer/Desktop/myfiles/formal-verification/.scala-build/ide-launcher-options.json, --envs-file, /home/mmeyer/Desktop/myfiles/formal-verification/.scala-build/ide-envs.json, /home/mmeyer/Desktop/myfiles/formal-verification/tests.scala)[0m
2024.12.12 15:45:46 INFO  tracing is disabled for protocol BSP, to enable tracing of incoming and outgoing JSON messages create an empty file at /home/mmeyer/Desktop/myfiles/formal-verification/.metals/bsp.trace.json or /home/mmeyer/.cache/metals/bsp.trace.json[0m
2024.12.12 15:45:46 INFO  BSP server: Error: java.nio.file.NoSuchFileException: /home/mmeyer/Desktop/myfiles/formal-verification/tests.scala[0m
2024.12.12 15:45:46 INFO  BSP server: For more details, please see '/home/mmeyer/Desktop/myfiles/formal-verification/.scala-build/stacktraces/1734014746-7542482819204654441.log'[0m
2024.12.12 15:45:55 INFO  no build target found for /home/mmeyer/Desktop/myfiles/formal-verification/project.scala. Using presentation compiler with project's scala-library version: 3.3.4[0m
2024.12.12 15:45:56 INFO  no build target found for /home/mmeyer/Desktop/myfiles/formal-verification/Test/tests.scala. Using presentation compiler with project's scala-library version: 3.3.4[0m
2024.12.12 15:45:57 INFO  no build target found for /home/mmeyer/Desktop/myfiles/formal-verification/Test/tests.scala. Using presentation compiler with project's scala-library version: 3.3.4[0m
2024.12.12 15:45:56 INFO  no build target found for /home/mmeyer/Desktop/myfiles/formal-verification/Test/tests.scala. Using presentation compiler with project's scala-library version: 3.3.4[0m
Dec 12, 2024 3:45:57 PM org.eclipse.lsp4j.jsonrpc.RemoteEndpoint handleCancellation
WARNING: Unmatched cancel notification for request id 36
2024.12.12 15:46:09 INFO  no build target found for /home/mmeyer/Desktop/myfiles/formal-verification/Test/tests.scala. Using presentation compiler with project's scala-library version: 3.3.4[0m
2024.12.12 15:46:27 INFO  no build target found for /home/mmeyer/Desktop/myfiles/formal-verification/Test/tests.scala. Using presentation compiler with project's scala-library version: 3.3.4[0m
2024.12.12 15:46:33 INFO  no build target found for /home/mmeyer/Desktop/myfiles/formal-verification/Test/tests.scala. Using presentation compiler with project's scala-library version: 3.3.4[0m
2024.12.12 15:46:33 INFO  no build target found for /home/mmeyer/Desktop/myfiles/formal-verification/Test/tests.scala. Using presentation compiler with project's scala-library version: 3.3.4[0m
2024.12.12 15:46:33 INFO  no build target found for /home/mmeyer/Desktop/myfiles/formal-verification/Test/tests.scala. Using presentation compiler with project's scala-library version: 3.3.4[0m
2024.12.12 15:46:34 INFO  no build target found for /home/mmeyer/Desktop/myfiles/formal-verification/bplus_stainless.scala. Using presentation compiler with project's scala-library version: 3.3.4[0m
2024.12.12 15:46:35 INFO  no build target found for /home/mmeyer/Desktop/myfiles/formal-verification/bplus_stainless.scala. Using presentation compiler with project's scala-library version: 3.3.4[0m
2024.12.12 15:46:36 INFO  no build target found for /home/mmeyer/Desktop/myfiles/formal-verification/bplus_stainless.scala. Using presentation compiler with project's scala-library version: 3.3.4[0m
2024.12.12 15:46:37 INFO  no build target found for /home/mmeyer/Desktop/myfiles/formal-verification/bplus_stainless.scala. Using presentation compiler with project's scala-library version: 3.3.4[0m
2024.12.12 15:46:39 INFO  no build target found for /home/mmeyer/Desktop/myfiles/formal-verification/Test/tests.scala. Using presentation compiler with project's scala-library version: 3.3.4[0m
2024.12.12 15:46:39 INFO  no build target found for /home/mmeyer/Desktop/myfiles/formal-verification/Test/tests.scala. Using presentation compiler with project's scala-library version: 3.3.4[0m
2024.12.12 15:46:39 INFO  no build target found for /home/mmeyer/Desktop/myfiles/formal-verification/Test/tests.scala. Using presentation compiler with project's scala-library version: 3.3.4[0m
2024.12.12 15:46:40 INFO  no build target found for /home/mmeyer/Desktop/myfiles/formal-verification/Test/tests.scala. Using presentation compiler with project's scala-library version: 3.3.4[0m
2024.12.12 15:46:40 INFO  no build target found for /home/mmeyer/Desktop/myfiles/formal-verification/Test/tests.scala. Using presentation compiler with project's scala-library version: 3.3.4[0m
2024.12.12 15:46:40 INFO  no build target found for /home/mmeyer/Desktop/myfiles/formal-verification/Test/tests.scala. Using presentation compiler with project's scala-library version: 3.3.4[0m
2024.12.12 15:46:41 INFO  no build target found for /home/mmeyer/Desktop/myfiles/formal-verification/Test/tests.scala. Using presentation compiler with project's scala-library version: 3.3.4[0m
2024.12.12 15:46:40 INFO  no build target found for /home/mmeyer/Desktop/myfiles/formal-verification/Test/tests.scala. Using presentation compiler with project's scala-library version: 3.3.4[0m
2024.12.12 15:46:40 INFO  no build target found for /home/mmeyer/Desktop/myfiles/formal-verification/Test/tests.scala. Using presentation compiler with project's scala-library version: 3.3.4[0m
2024.12.12 15:46:41 INFO  no build target found for /home/mmeyer/Desktop/myfiles/formal-verification/Test/tests.scala. Using presentation compiler with project's scala-library version: 3.3.4[0m
2024.12.12 15:46:43 WARN  no build target for: /home/mmeyer/Desktop/myfiles/formal-verification/Test/tests.scala[0m
2024.12.12 15:46:43 INFO  no build target found for /home/mmeyer/Desktop/myfiles/formal-verification/Test/tests.scala. Using presentation compiler with project's scala-library version: 3.3.4[0m
2024.12.12 15:46:43 INFO  no build target found for /home/mmeyer/Desktop/myfiles/formal-verification/Test/tests.scala. Using presentation compiler with project's scala-library version: 3.3.4[0m
2024.12.12 15:46:44 INFO  no build target found for /home/mmeyer/Desktop/myfiles/formal-verification/Test/tests.scala. Using presentation compiler with project's scala-library version: 3.3.4[0m
2024.12.12 15:46:44 INFO  no build target found for /home/mmeyer/Desktop/myfiles/formal-verification/Test/tests.scala. Using presentation compiler with project's scala-library version: 3.3.4[0m
2024.12.12 15:46:44 INFO  no build target found for /home/mmeyer/Desktop/myfiles/formal-verification/Test/tests.scala. Using presentation compiler with project's scala-library version: 3.3.4[0m
2024.12.12 15:46:46 ERROR Timeout waiting for 'build/initialize' response[0m
2024.12.12 15:46:46 WARN  Retrying connection to the build server scala-cli[0m
2024.12.12 15:46:46 INFO  Running BSP server List(/home/mmeyer/Desktop/myfiles/coursier/bin/.scala-cli.aux, bsp, --json-options, /home/mmeyer/Desktop/myfiles/formal-verification/.scala-build/ide-options-v2.json, --json-launcher-options, /home/mmeyer/Desktop/myfiles/formal-verification/.scala-build/ide-launcher-options.json, --envs-file, /home/mmeyer/Desktop/myfiles/formal-verification/.scala-build/ide-envs.json, /home/mmeyer/Desktop/myfiles/formal-verification/tests.scala)[0m
2024.12.12 15:46:46 INFO  tracing is disabled for protocol BSP, to enable tracing of incoming and outgoing JSON messages create an empty file at /home/mmeyer/Desktop/myfiles/formal-verification/.metals/bsp.trace.json or /home/mmeyer/.cache/metals/bsp.trace.json[0m
2024.12.12 15:46:47 INFO  BSP server: Error: java.nio.file.NoSuchFileException: /home/mmeyer/Desktop/myfiles/formal-verification/tests.scala[0m
2024.12.12 15:46:47 INFO  BSP server: For more details, please see '/home/mmeyer/Desktop/myfiles/formal-verification/.scala-build/stacktraces/1734014807-2794705224694324731.log'[0m
2024.12.12 15:46:51 INFO  no build target found for /home/mmeyer/Desktop/myfiles/formal-verification/Test/tests.scala. Using presentation compiler with project's scala-library version: 3.3.4[0m
2024.12.12 15:46:51 INFO  no build target found for /home/mmeyer/Desktop/myfiles/formal-verification/Test/tests.scala. Using presentation compiler with project's scala-library version: 3.3.4[0m
2024.12.12 15:46:51 INFO  no build target found for /home/mmeyer/Desktop/myfiles/formal-verification/Test/tests.scala. Using presentation compiler with project's scala-library version: 3.3.4[0m
2024.12.12 15:46:51 INFO  no build target found for /home/mmeyer/Desktop/myfiles/formal-verification/Test/tests.scala. Using presentation compiler with project's scala-library version: 3.3.4[0m
2024.12.12 15:46:51 INFO  no build target found for /home/mmeyer/Desktop/myfiles/formal-verification/Test/tests.scala. Using presentation compiler with project's scala-library version: 3.3.4[0m
2024.12.12 15:46:51 INFO  no build target found for /home/mmeyer/Desktop/myfiles/formal-verification/Test/tests.scala. Using presentation compiler with project's scala-library version: 3.3.4[0m
2024.12.12 15:46:51 INFO  no build target found for /home/mmeyer/Desktop/myfiles/formal-verification/Test/tests.scala. Using presentation compiler with project's scala-library version: 3.3.4[0m
2024.12.12 15:46:52 INFO  no build target found for /home/mmeyer/Desktop/myfiles/formal-verification/Test/tests.scala. Using presentation compiler with project's scala-library version: 3.3.4[0m
2024.12.12 15:46:52 INFO  no build target found for /home/mmeyer/Desktop/myfiles/formal-verification/Test/tests.scala. Using presentation compiler with project's scala-library version: 3.3.4[0m
2024.12.12 15:46:52 INFO  no build target found for /home/mmeyer/Desktop/myfiles/formal-verification/Test/tests.scala. Using presentation compiler with project's scala-library version: 3.3.4[0m
2024.12.12 15:46:52 INFO  no build target found for /home/mmeyer/Desktop/myfiles/formal-verification/Test/tests.scala. Using presentation compiler with project's scala-library version: 3.3.4[0m
2024.12.12 15:46:52 INFO  no build target found for /home/mmeyer/Desktop/myfiles/formal-verification/Test/tests.scala. Using presentation compiler with project's scala-library version: 3.3.4[0m
2024.12.12 15:46:52 INFO  no build target found for /home/mmeyer/Desktop/myfiles/formal-verification/Test/tests.scala. Using presentation compiler with project's scala-library version: 3.3.4[0m
2024.12.12 15:46:52 INFO  no build target found for /home/mmeyer/Desktop/myfiles/formal-verification/Test/tests.scala. Using presentation compiler with project's scala-library version: 3.3.4[0m
2024.12.12 15:46:53 INFO  no build target found for /home/mmeyer/Desktop/myfiles/formal-verification/Test/tests.scala. Using presentation compiler with project's scala-library version: 3.3.4[0m
2024.12.12 15:46:52 INFO  no build target found for /home/mmeyer/Desktop/myfiles/formal-verification/Test/tests.scala. Using presentation compiler with project's scala-library version: 3.3.4[0m
2024.12.12 15:46:52 INFO  no build target found for /home/mmeyer/Desktop/myfiles/formal-verification/Test/tests.scala. Using presentation compiler with project's scala-library version: 3.3.4[0m
2024.12.12 15:46:52 INFO  no build target found for /home/mmeyer/Desktop/myfiles/formal-verification/Test/tests.scala. Using presentation compiler with project's scala-library version: 3.3.4[0m
2024.12.12 15:46:52 INFO  no build target found for /home/mmeyer/Desktop/myfiles/formal-verification/Test/tests.scala. Using presentation compiler with project's scala-library version: 3.3.4[0m
2024.12.12 15:46:52 INFO  no build target found for /home/mmeyer/Desktop/myfiles/formal-verification/Test/tests.scala. Using presentation compiler with project's scala-library version: 3.3.4[0m
2024.12.12 15:46:53 INFO  no build target found for /home/mmeyer/Desktop/myfiles/formal-verification/Test/tests.scala. Using presentation compiler with project's scala-library version: 3.3.4[0m
2024.12.12 15:46:53 INFO  no build target found for /home/mmeyer/Desktop/myfiles/formal-verification/Test/tests.scala. Using presentation compiler with project's scala-library version: 3.3.4[0m
2024.12.12 15:46:53 INFO  no build target found for /home/mmeyer/Desktop/myfiles/formal-verification/Test/tests.scala. Using presentation compiler with project's scala-library version: 3.3.4[0m
2024.12.12 15:46:53 INFO  no build target found for /home/mmeyer/Desktop/myfiles/formal-verification/Test/tests.scala. Using presentation compiler with project's scala-library version: 3.3.4[0m
2024.12.12 15:46:53 INFO  no build target found for /home/mmeyer/Desktop/myfiles/formal-verification/Test/tests.scala. Using presentation compiler with project's scala-library version: 3.3.4[0m
2024.12.12 15:46:53 INFO  no build target found for /home/mmeyer/Desktop/myfiles/formal-verification/Test/tests.scala. Using presentation compiler with project's scala-library version: 3.3.4[0m
2024.12.12 15:46:53 INFO  no build target found for /home/mmeyer/Desktop/myfiles/formal-verification/Test/tests.scala. Using presentation compiler with project's scala-library version: 3.3.4[0m
2024.12.12 15:46:53 INFO  no build target found for /home/mmeyer/Desktop/myfiles/formal-verification/Test/tests.scala. Using presentation compiler with project's scala-library version: 3.3.4[0m
2024.12.12 15:46:53 INFO  no build target found for /home/mmeyer/Desktop/myfiles/formal-verification/Test/tests.scala. Using presentation compiler with project's scala-library version: 3.3.4[0m
2024.12.12 15:46:53 INFO  no build target found for /home/mmeyer/Desktop/myfiles/formal-verification/Test/tests.scala. Using presentation compiler with project's scala-library version: 3.3.4[0m
2024.12.12 15:46:54 INFO  no build target found for /home/mmeyer/Desktop/myfiles/formal-verification/Test/tests.scala. Using presentation compiler with project's scala-library version: 3.3.4[0m
2024.12.12 15:46:55 INFO  no build target found for /home/mmeyer/Desktop/myfiles/formal-verification/Test/tests.scala. Using presentation compiler with project's scala-library version: 3.3.4[0m
2024.12.12 15:46:55 INFO  no build target found for /home/mmeyer/Desktop/myfiles/formal-verification/Test/tests.scala. Using presentation compiler with project's scala-library version: 3.3.4[0m
2024.12.12 15:46:55 WARN  no build target for: /home/mmeyer/Desktop/myfiles/formal-verification/Test/tests.scala[0m
2024.12.12 15:46:55 INFO  no build target found for /home/mmeyer/Desktop/myfiles/formal-verification/Test/tests.scala. Using presentation compiler with project's scala-library version: 3.3.4[0m
2024.12.12 15:46:55 INFO  no build target found for /home/mmeyer/Desktop/myfiles/formal-verification/Test/tests.scala. Using presentation compiler with project's scala-library version: 3.3.4[0m
2024.12.12 15:47:08 INFO  no build target found for /home/mmeyer/Desktop/myfiles/formal-verification/Test/tests.scala. Using presentation compiler with project's scala-library version: 3.3.4[0m
2024.12.12 15:47:12 INFO  no build target found for /home/mmeyer/Desktop/myfiles/formal-verification/Test/tests.scala. Using presentation compiler with project's scala-library version: 3.3.4[0m
2024.12.12 15:47:14 INFO  no build target found for /home/mmeyer/Desktop/myfiles/formal-verification/Test/tests.scala. Using presentation compiler with project's scala-library version: 3.3.4[0m
2024.12.12 15:47:14 INFO  no build target found for /home/mmeyer/Desktop/myfiles/formal-verification/Test/tests.scala. Using presentation compiler with project's scala-library version: 3.3.4[0m
2024.12.12 15:47:14 INFO  no build target found for /home/mmeyer/Desktop/myfiles/formal-verification/Test/tests.scala. Using presentation compiler with project's scala-library version: 3.3.4[0m
2024.12.12 15:47:14 INFO  no build target found for /home/mmeyer/Desktop/myfiles/formal-verification/Test/tests.scala. Using presentation compiler with project's scala-library version: 3.3.4[0m
2024.12.12 15:47:14 INFO  no build target found for /home/mmeyer/Desktop/myfiles/formal-verification/Test/tests.scala. Using presentation compiler with project's scala-library version: 3.3.4[0m
2024.12.12 15:47:14 INFO  no build target found for /home/mmeyer/Desktop/myfiles/formal-verification/Test/tests.scala. Using presentation compiler with project's scala-library version: 3.3.4[0m
2024.12.12 15:47:15 INFO  no build target found for /home/mmeyer/Desktop/myfiles/formal-verification/Test/tests.scala. Using presentation compiler with project's scala-library version: 3.3.4[0m
2024.12.12 15:47:15 INFO  no build target found for /home/mmeyer/Desktop/myfiles/formal-verification/Test/tests.scala. Using presentation compiler with project's scala-library version: 3.3.4[0m
2024.12.12 15:47:15 INFO  no build target found for /home/mmeyer/Desktop/myfiles/formal-verification/Test/tests.scala. Using presentation compiler with project's scala-library version: 3.3.4[0m
2024.12.12 15:47:15 INFO  no build target found for /home/mmeyer/Desktop/myfiles/formal-verification/Test/tests.scala. Using presentation compiler with project's scala-library version: 3.3.4[0m
2024.12.12 15:47:15 INFO  no build target found for /home/mmeyer/Desktop/myfiles/formal-verification/Test/tests.scala. Using presentation compiler with project's scala-library version: 3.3.4[0m
2024.12.12 15:47:15 INFO  no build target found for /home/mmeyer/Desktop/myfiles/formal-verification/Test/tests.scala. Using presentation compiler with project's scala-library version: 3.3.4[0m
2024.12.12 15:47:15 INFO  no build target found for /home/mmeyer/Desktop/myfiles/formal-verification/Test/tests.scala. Using presentation compiler with project's scala-library version: 3.3.4[0m
2024.12.12 15:47:15 INFO  no build target found for /home/mmeyer/Desktop/myfiles/formal-verification/Test/tests.scala. Using presentation compiler with project's scala-library version: 3.3.4[0m
2024.12.12 15:47:15 INFO  no build target found for /home/mmeyer/Desktop/myfiles/formal-verification/Test/tests.scala. Using presentation compiler with project's scala-library version: 3.3.4[0m
2024.12.12 15:47:15 INFO  no build target found for /home/mmeyer/Desktop/myfiles/formal-verification/Test/tests.scala. Using presentation compiler with project's scala-library version: 3.3.4[0m
2024.12.12 15:47:15 INFO  no build target found for /home/mmeyer/Desktop/myfiles/formal-verification/Test/tests.scala. Using presentation compiler with project's scala-library version: 3.3.4[0m
2024.12.12 15:47:15 INFO  no build target found for /home/mmeyer/Desktop/myfiles/formal-verification/Test/tests.scala. Using presentation compiler with project's scala-library version: 3.3.4[0m
2024.12.12 15:47:15 INFO  no build target found for /home/mmeyer/Desktop/myfiles/formal-verification/Test/tests.scala. Using presentation compiler with project's scala-library version: 3.3.4[0m
2024.12.12 15:47:16 INFO  no build target found for /home/mmeyer/Desktop/myfiles/formal-verification/Test/tests.scala. Using presentation compiler with project's scala-library version: 3.3.4[0m
2024.12.12 15:47:16 INFO  no build target found for /home/mmeyer/Desktop/myfiles/formal-verification/Test/tests.scala. Using presentation compiler with project's scala-library version: 3.3.4[0m
2024.12.12 15:47:16 INFO  no build target found for /home/mmeyer/Desktop/myfiles/formal-verification/Test/tests.scala. Using presentation compiler with project's scala-library version: 3.3.4[0m
2024.12.12 15:47:16 INFO  no build target found for /home/mmeyer/Desktop/myfiles/formal-verification/Test/tests.scala. Using presentation compiler with project's scala-library version: 3.3.4[0m
2024.12.12 15:47:17 INFO  no build target found for /home/mmeyer/Desktop/myfiles/formal-verification/Test/tests.scala. Using presentation compiler with project's scala-library version: 3.3.4[0m
2024.12.12 15:47:17 INFO  no build target found for /home/mmeyer/Desktop/myfiles/formal-verification/Test/tests.scala. Using presentation compiler with project's scala-library version: 3.3.4[0m
2024.12.12 15:47:17 INFO  no build target found for /home/mmeyer/Desktop/myfiles/formal-verification/Test/tests.scala. Using presentation compiler with project's scala-library version: 3.3.4[0m
2024.12.12 15:47:17 INFO  no build target found for /home/mmeyer/Desktop/myfiles/formal-verification/Test/tests.scala. Using presentation compiler with project's scala-library version: 3.3.4[0m
2024.12.12 15:47:17 INFO  no build target found for /home/mmeyer/Desktop/myfiles/formal-verification/Test/tests.scala. Using presentation compiler with project's scala-library version: 3.3.4[0m
2024.12.12 15:47:18 INFO  no build target found for /home/mmeyer/Desktop/myfiles/formal-verification/Test/tests.scala. Using presentation compiler with project's scala-library version: 3.3.4[0m
2024.12.12 15:47:17 INFO  no build target found for /home/mmeyer/Desktop/myfiles/formal-verification/Test/tests.scala. Using presentation compiler with project's scala-library version: 3.3.4[0m
2024.12.12 15:47:17 INFO  no build target found for /home/mmeyer/Desktop/myfiles/formal-verification/Test/tests.scala. Using presentation compiler with project's scala-library version: 3.3.4[0m
2024.12.12 15:47:17 INFO  no build target found for /home/mmeyer/Desktop/myfiles/formal-verification/Test/tests.scala. Using presentation compiler with project's scala-library version: 3.3.4[0m
2024.12.12 15:47:17 INFO  no build target found for /home/mmeyer/Desktop/myfiles/formal-verification/Test/tests.scala. Using presentation compiler with project's scala-library version: 3.3.4[0m
2024.12.12 15:47:17 INFO  no build target found for /home/mmeyer/Desktop/myfiles/formal-verification/Test/tests.scala. Using presentation compiler with project's scala-library version: 3.3.4[0m
2024.12.12 15:47:18 INFO  no build target found for /home/mmeyer/Desktop/myfiles/formal-verification/Test/tests.scala. Using presentation compiler with project's scala-library version: 3.3.4[0m
2024.12.12 15:47:18 INFO  no build target found for /home/mmeyer/Desktop/myfiles/formal-verification/Test/tests.scala. Using presentation compiler with project's scala-library version: 3.3.4[0m
2024.12.12 15:47:19 INFO  no build target found for /home/mmeyer/Desktop/myfiles/formal-verification/Test/tests.scala. Using presentation compiler with project's scala-library version: 3.3.4[0m
2024.12.12 15:47:19 WARN  no build target for: /home/mmeyer/Desktop/myfiles/formal-verification/Test/tests.scala[0m
2024.12.12 15:47:19 INFO  no build target found for /home/mmeyer/Desktop/myfiles/formal-verification/Test/tests.scala. Using presentation compiler with project's scala-library version: 3.3.4[0m
2024.12.12 15:47:29 INFO  no build target found for /home/mmeyer/Desktop/myfiles/formal-verification/Test/tests.scala. Using presentation compiler with project's scala-library version: 3.3.4[0m
2024.12.12 15:47:29 INFO  no build target found for /home/mmeyer/Desktop/myfiles/formal-verification/Test/tests.scala. Using presentation compiler with project's scala-library version: 3.3.4[0m
2024.12.12 15:47:31 INFO  no build target found for /home/mmeyer/Desktop/myfiles/formal-verification/Test/tests.scala. Using presentation compiler with project's scala-library version: 3.3.4[0m
2024.12.12 15:47:31 INFO  no build target found for /home/mmeyer/Desktop/myfiles/formal-verification/Test/tests.scala. Using presentation compiler with project's scala-library version: 3.3.4[0m
2024.12.12 15:47:31 INFO  no build target found for /home/mmeyer/Desktop/myfiles/formal-verification/Test/tests.scala. Using presentation compiler with project's scala-library version: 3.3.4[0m
2024.12.12 15:47:32 INFO  no build target found for /home/mmeyer/Desktop/myfiles/formal-verification/Test/tests.scala. Using presentation compiler with project's scala-library version: 3.3.4[0m
2024.12.12 15:47:32 INFO  no build target found for /home/mmeyer/Desktop/myfiles/formal-verification/Test/tests.scala. Using presentation compiler with project's scala-library version: 3.3.4[0m
2024.12.12 15:47:32 INFO  no build target found for /home/mmeyer/Desktop/myfiles/formal-verification/Test/tests.scala. Using presentation compiler with project's scala-library version: 3.3.4[0m
2024.12.12 15:47:34 INFO  no build target found for /home/mmeyer/Desktop/myfiles/formal-verification/Test/tests.scala. Using presentation compiler with project's scala-library version: 3.3.4[0m
2024.12.12 15:47:34 INFO  no build target found for /home/mmeyer/Desktop/myfiles/formal-verification/Test/tests.scala. Using presentation compiler with project's scala-library version: 3.3.4[0m
2024.12.12 15:47:34 INFO  no build target found for /home/mmeyer/Desktop/myfiles/formal-verification/Test/tests.scala. Using presentation compiler with project's scala-library version: 3.3.4[0m
2024.12.12 15:47:34 INFO  no build target found for /home/mmeyer/Desktop/myfiles/formal-verification/Test/tests.scala. Using presentation compiler with project's scala-library version: 3.3.4[0m
2024.12.12 15:47:35 INFO  no build target found for /home/mmeyer/Desktop/myfiles/formal-verification/Test/tests.scala. Using presentation compiler with project's scala-library version: 3.3.4[0m
2024.12.12 15:47:35 INFO  no build target found for /home/mmeyer/Desktop/myfiles/formal-verification/Test/tests.scala. Using presentation compiler with project's scala-library version: 3.3.4[0m
2024.12.12 15:47:35 INFO  no build target found for /home/mmeyer/Desktop/myfiles/formal-verification/Test/tests.scala. Using presentation compiler with project's scala-library version: 3.3.4[0m
2024.12.12 15:47:35 WARN  no build target for: /home/mmeyer/Desktop/myfiles/formal-verification/Test/tests.scala[0m
2024.12.12 15:47:35 INFO  no build target found for /home/mmeyer/Desktop/myfiles/formal-verification/Test/tests.scala. Using presentation compiler with project's scala-library version: 3.3.4[0m
2024.12.12 15:47:35 INFO  no build target found for /home/mmeyer/Desktop/myfiles/formal-verification/Test/tests.scala. Using presentation compiler with project's scala-library version: 3.3.4[0m
2024.12.12 15:47:36 INFO  no build target found for /home/mmeyer/Desktop/myfiles/formal-verification/Test/tests.scala. Using presentation compiler with project's scala-library version: 3.3.4[0m
2024.12.12 15:47:36 INFO  no build target found for /home/mmeyer/Desktop/myfiles/formal-verification/Test/tests.scala. Using presentation compiler with project's scala-library version: 3.3.4[0m
2024.12.12 15:47:36 INFO  no build target found for /home/mmeyer/Desktop/myfiles/formal-verification/Test/tests.scala. Using presentation compiler with project's scala-library version: 3.3.4[0m
2024.12.12 15:47:44 INFO  no build target found for /home/mmeyer/Desktop/myfiles/formal-verification/Test/tests.scala. Using presentation compiler with project's scala-library version: 3.3.4[0m
2024.12.12 15:47:44 INFO  no build target found for /home/mmeyer/Desktop/myfiles/formal-verification/Test/tests.scala. Using presentation compiler with project's scala-library version: 3.3.4[0m
2024.12.12 15:47:45 INFO  no build target found for /home/mmeyer/Desktop/myfiles/formal-verification/Test/tests.scala. Using presentation compiler with project's scala-library version: 3.3.4[0m
2024.12.12 15:47:46 ERROR Timeout waiting for 'build/initialize' response[0m
2024.12.12 15:47:46 WARN  Retrying connection to the build server scala-cli[0m
2024.12.12 15:47:46 INFO  Running BSP server List(/home/mmeyer/Desktop/myfiles/coursier/bin/.scala-cli.aux, bsp, --json-options, /home/mmeyer/Desktop/myfiles/formal-verification/.scala-build/ide-options-v2.json, --json-launcher-options, /home/mmeyer/Desktop/myfiles/formal-verification/.scala-build/ide-launcher-options.json, --envs-file, /home/mmeyer/Desktop/myfiles/formal-verification/.scala-build/ide-envs.json, /home/mmeyer/Desktop/myfiles/formal-verification/tests.scala)[0m
2024.12.12 15:47:46 INFO  tracing is disabled for protocol BSP, to enable tracing of incoming and outgoing JSON messages create an empty file at /home/mmeyer/Desktop/myfiles/formal-verification/.metals/bsp.trace.json or /home/mmeyer/.cache/metals/bsp.trace.json[0m
2024.12.12 15:47:47 INFO  no build target found for /home/mmeyer/Desktop/myfiles/formal-verification/Test/tests.scala. Using presentation compiler with project's scala-library version: 3.3.4[0m
2024.12.12 15:47:47 INFO  no build target found for /home/mmeyer/Desktop/myfiles/formal-verification/Test/tests.scala. Using presentation compiler with project's scala-library version: 3.3.4[0m
2024.12.12 15:47:47 INFO  no build target found for /home/mmeyer/Desktop/myfiles/formal-verification/Test/tests.scala. Using presentation compiler with project's scala-library version: 3.3.4[0m
2024.12.12 15:47:48 INFO  BSP server: Error: java.nio.file.NoSuchFileException: /home/mmeyer/Desktop/myfiles/formal-verification/tests.scala[0m
2024.12.12 15:47:48 INFO  BSP server: For more details, please see '/home/mmeyer/Desktop/myfiles/formal-verification/.scala-build/stacktraces/1734014868-15380319235684438138.log'[0m
2024.12.12 15:47:48 INFO  no build target found for /home/mmeyer/Desktop/myfiles/formal-verification/Test/tests.scala. Using presentation compiler with project's scala-library version: 3.3.4[0m
2024.12.12 15:47:48 INFO  no build target found for /home/mmeyer/Desktop/myfiles/formal-verification/Test/tests.scala. Using presentation compiler with project's scala-library version: 3.3.4[0m
2024.12.12 15:47:48 INFO  no build target found for /home/mmeyer/Desktop/myfiles/formal-verification/Test/tests.scala. Using presentation compiler with project's scala-library version: 3.3.4[0m
2024.12.12 15:47:49 WARN  no build target for: /home/mmeyer/Desktop/myfiles/formal-verification/Test/tests.scala[0m
2024.12.12 15:47:49 INFO  no build target found for /home/mmeyer/Desktop/myfiles/formal-verification/Test/tests.scala. Using presentation compiler with project's scala-library version: 3.3.4[0m
2024.12.12 15:47:49 INFO  no build target found for /home/mmeyer/Desktop/myfiles/formal-verification/Test/tests.scala. Using presentation compiler with project's scala-library version: 3.3.4[0m
2024.12.12 15:47:58 INFO  no build target found for /home/mmeyer/Desktop/myfiles/formal-verification/Test/tests.scala. Using presentation compiler with project's scala-library version: 3.3.4[0m
2024.12.12 15:47:58 INFO  no build target found for /home/mmeyer/Desktop/myfiles/formal-verification/Test/tests.scala. Using presentation compiler with project's scala-library version: 3.3.4[0m
2024.12.12 15:47:59 INFO  no build target found for /home/mmeyer/Desktop/myfiles/formal-verification/Test/tests.scala. Using presentation compiler with project's scala-library version: 3.3.4[0m
2024.12.12 15:48:12 INFO  no build target found for /home/mmeyer/Desktop/myfiles/formal-verification/Test/tests.scala. Using presentation compiler with project's scala-library version: 3.3.4[0m
2024.12.12 15:48:12 INFO  no build target found for /home/mmeyer/Desktop/myfiles/formal-verification/Test/tests.scala. Using presentation compiler with project's scala-library version: 3.3.4[0m
2024.12.12 15:48:12 INFO  no build target found for /home/mmeyer/Desktop/myfiles/formal-verification/Test/tests.scala. Using presentation compiler with project's scala-library version: 3.3.4[0m
2024.12.12 15:48:12 INFO  no build target found for /home/mmeyer/Desktop/myfiles/formal-verification/Test/tests.scala. Using presentation compiler with project's scala-library version: 3.3.4[0m
2024.12.12 15:48:12 INFO  no build target found for /home/mmeyer/Desktop/myfiles/formal-verification/Test/tests.scala. Using presentation compiler with project's scala-library version: 3.3.4[0m
2024.12.12 15:48:12 INFO  no build target found for /home/mmeyer/Desktop/myfiles/formal-verification/Test/tests.scala. Using presentation compiler with project's scala-library version: 3.3.4[0m
2024.12.12 15:48:12 INFO  no build target found for /home/mmeyer/Desktop/myfiles/formal-verification/Test/tests.scala. Using presentation compiler with project's scala-library version: 3.3.4[0m
2024.12.12 15:48:13 INFO  no build target found for /home/mmeyer/Desktop/myfiles/formal-verification/Test/tests.scala. Using presentation compiler with project's scala-library version: 3.3.4[0m
2024.12.12 15:48:12 INFO  no build target found for /home/mmeyer/Desktop/myfiles/formal-verification/Test/tests.scala. Using presentation compiler with project's scala-library version: 3.3.4[0m
2024.12.12 15:48:14 INFO  no build target found for /home/mmeyer/Desktop/myfiles/formal-verification/Test/tests.scala. Using presentation compiler with project's scala-library version: 3.3.4[0m
2024.12.12 15:48:14 INFO  no build target found for /home/mmeyer/Desktop/myfiles/formal-verification/Test/tests.scala. Using presentation compiler with project's scala-library version: 3.3.4[0m
2024.12.12 15:48:14 INFO  no build target found for /home/mmeyer/Desktop/myfiles/formal-verification/Test/tests.scala. Using presentation compiler with project's scala-library version: 3.3.4[0m
2024.12.12 15:48:14 INFO  no build target found for /home/mmeyer/Desktop/myfiles/formal-verification/Test/tests.scala. Using presentation compiler with project's scala-library version: 3.3.4[0m
2024.12.12 15:48:14 INFO  no build target found for /home/mmeyer/Desktop/myfiles/formal-verification/Test/tests.scala. Using presentation compiler with project's scala-library version: 3.3.4[0m
2024.12.12 15:48:14 INFO  no build target found for /home/mmeyer/Desktop/myfiles/formal-verification/Test/tests.scala. Using presentation compiler with project's scala-library version: 3.3.4[0m
2024.12.12 15:48:15 INFO  no build target found for /home/mmeyer/Desktop/myfiles/formal-verification/Test/tests.scala. Using presentation compiler with project's scala-library version: 3.3.4[0m
2024.12.12 15:48:16 INFO  no build target found for /home/mmeyer/Desktop/myfiles/formal-verification/Test/tests.scala. Using presentation compiler with project's scala-library version: 3.3.4[0m
2024.12.12 15:48:16 INFO  no build target found for /home/mmeyer/Desktop/myfiles/formal-verification/Test/tests.scala. Using presentation compiler with project's scala-library version: 3.3.4[0m
2024.12.12 15:48:16 INFO  no build target found for /home/mmeyer/Desktop/myfiles/formal-verification/Test/tests.scala. Using presentation compiler with project's scala-library version: 3.3.4[0m
2024.12.12 15:48:16 INFO  no build target found for /home/mmeyer/Desktop/myfiles/formal-verification/Test/tests.scala. Using presentation compiler with project's scala-library version: 3.3.4[0m
2024.12.12 15:48:16 INFO  no build target found for /home/mmeyer/Desktop/myfiles/formal-verification/Test/tests.scala. Using presentation compiler with project's scala-library version: 3.3.4[0m
2024.12.12 15:48:17 INFO  no build target found for /home/mmeyer/Desktop/myfiles/formal-verification/Test/tests.scala. Using presentation compiler with project's scala-library version: 3.3.4[0m
2024.12.12 15:48:16 INFO  no build target found for /home/mmeyer/Desktop/myfiles/formal-verification/Test/tests.scala. Using presentation compiler with project's scala-library version: 3.3.4[0m
2024.12.12 15:48:16 INFO  no build target found for /home/mmeyer/Desktop/myfiles/formal-verification/Test/tests.scala. Using presentation compiler with project's scala-library version: 3.3.4[0m
2024.12.12 15:48:17 INFO  no build target found for /home/mmeyer/Desktop/myfiles/formal-verification/Test/tests.scala. Using presentation compiler with project's scala-library version: 3.3.4[0m
2024.12.12 15:48:18 INFO  no build target found for /home/mmeyer/Desktop/myfiles/formal-verification/Test/tests.scala. Using presentation compiler with project's scala-library version: 3.3.4[0m
2024.12.12 15:48:18 INFO  no build target found for /home/mmeyer/Desktop/myfiles/formal-verification/Test/tests.scala. Using presentation compiler with project's scala-library version: 3.3.4[0m
2024.12.12 15:48:18 INFO  no build target found for /home/mmeyer/Desktop/myfiles/formal-verification/Test/tests.scala. Using presentation compiler with project's scala-library version: 3.3.4[0m
2024.12.12 15:48:20 WARN  no build target for: /home/mmeyer/Desktop/myfiles/formal-verification/Test/tests.scala[0m
2024.12.12 15:48:20 INFO  no build target found for /home/mmeyer/Desktop/myfiles/formal-verification/Test/tests.scala. Using presentation compiler with project's scala-library version: 3.3.4[0m
2024.12.12 15:48:20 INFO  no build target found for /home/mmeyer/Desktop/myfiles/formal-verification/Test/tests.scala. Using presentation compiler with project's scala-library version: 3.3.4[0m
2024.12.12 15:48:33 INFO  no build target found for /home/mmeyer/Desktop/myfiles/formal-verification/Test/tests.scala. Using presentation compiler with project's scala-library version: 3.3.4[0m
2024.12.12 15:48:34 INFO  no build target found for /home/mmeyer/Desktop/myfiles/formal-verification/Test/tests.scala. Using presentation compiler with project's scala-library version: 3.3.4[0m
2024.12.12 15:48:46 ERROR Timeout waiting for 'build/initialize' response[0m
2024.12.12 15:48:46 ERROR Failed to connect with build server, no functionality will work.
java.util.concurrent.TimeoutException
	at java.util.concurrent.CompletableFuture.timedGet(CompletableFuture.java:1960)
	at java.util.concurrent.CompletableFuture.get(CompletableFuture.java:2095)
	at scala.meta.internal.metals.BuildServerConnection$.initialize(BuildServerConnection.scala:753)
	at scala.meta.internal.metals.BuildServerConnection$.$anonfun$fromSockets$1(BuildServerConnection.scala:626)
	at scala.concurrent.impl.Promise$Transformation.run(Promise.scala:467)
	at java.util.concurrent.ThreadPoolExecutor.runWorker(ThreadPoolExecutor.java:1136)
	at java.util.concurrent.ThreadPoolExecutor$Worker.run(ThreadPoolExecutor.java:635)
	at java.lang.Thread.run(Thread.java:833)
[0m
2024.12.12 15:48:46 INFO  no build target found for /home/mmeyer/Desktop/myfiles/formal-verification/bplus_stainless.scala. Using presentation compiler with project's scala-library version: 3.3.4[0m
2024.12.12 15:48:50 INFO  no build target found for /home/mmeyer/Desktop/myfiles/formal-verification/Test/tests.scala. Using presentation compiler with project's scala-library version: 3.3.4[0m
2024.12.12 15:48:50 INFO  no build target found for /home/mmeyer/Desktop/myfiles/formal-verification/Test/tests.scala. Using presentation compiler with project's scala-library version: 3.3.4[0m
2024.12.12 15:48:51 INFO  no build target found for /home/mmeyer/Desktop/myfiles/formal-verification/Test/tests.scala. Using presentation compiler with project's scala-library version: 3.3.4[0m
2024.12.12 15:48:50 INFO  no build target found for /home/mmeyer/Desktop/myfiles/formal-verification/Test/tests.scala. Using presentation compiler with project's scala-library version: 3.3.4[0m
2024.12.12 15:48:50 INFO  no build target found for /home/mmeyer/Desktop/myfiles/formal-verification/Test/tests.scala. Using presentation compiler with project's scala-library version: 3.3.4[0m
2024.12.12 15:48:50 INFO  no build target found for /home/mmeyer/Desktop/myfiles/formal-verification/Test/tests.scala. Using presentation compiler with project's scala-library version: 3.3.4[0m
2024.12.12 15:48:50 INFO  no build target found for /home/mmeyer/Desktop/myfiles/formal-verification/Test/tests.scala. Using presentation compiler with project's scala-library version: 3.3.4[0m
2024.12.12 15:48:51 INFO  no build target found for /home/mmeyer/Desktop/myfiles/formal-verification/Test/tests.scala. Using presentation compiler with project's scala-library version: 3.3.4[0m
2024.12.12 15:48:50 INFO  no build target found for /home/mmeyer/Desktop/myfiles/formal-verification/Test/tests.scala. Using presentation compiler with project's scala-library version: 3.3.4[0m
2024.12.12 15:48:51 INFO  no build target found for /home/mmeyer/Desktop/myfiles/formal-verification/Test/tests.scala. Using presentation compiler with project's scala-library version: 3.3.4[0m
2024.12.12 15:48:51 INFO  no build target found for /home/mmeyer/Desktop/myfiles/formal-verification/Test/tests.scala. Using presentation compiler with project's scala-library version: 3.3.4[0m
2024.12.12 15:48:51 INFO  no build target found for /home/mmeyer/Desktop/myfiles/formal-verification/Test/tests.scala. Using presentation compiler with project's scala-library version: 3.3.4[0m
2024.12.12 15:48:51 INFO  no build target found for /home/mmeyer/Desktop/myfiles/formal-verification/Test/tests.scala. Using presentation compiler with project's scala-library version: 3.3.4[0m
2024.12.12 15:48:53 INFO  no build target found for /home/mmeyer/Desktop/myfiles/formal-verification/Test/tests.scala. Using presentation compiler with project's scala-library version: 3.3.4[0m
2024.12.12 15:48:53 INFO  no build target found for /home/mmeyer/Desktop/myfiles/formal-verification/Test/tests.scala. Using presentation compiler with project's scala-library version: 3.3.4[0m
2024.12.12 15:48:54 INFO  no build target found for /home/mmeyer/Desktop/myfiles/formal-verification/Test/tests.scala. Using presentation compiler with project's scala-library version: 3.3.4[0m
2024.12.12 15:48:53 INFO  no build target found for /home/mmeyer/Desktop/myfiles/formal-verification/Test/tests.scala. Using presentation compiler with project's scala-library version: 3.3.4[0m
2024.12.12 15:48:53 INFO  no build target found for /home/mmeyer/Desktop/myfiles/formal-verification/Test/tests.scala. Using presentation compiler with project's scala-library version: 3.3.4[0m
2024.12.12 15:48:55 INFO  no build target found for /home/mmeyer/Desktop/myfiles/formal-verification/Test/tests.scala. Using presentation compiler with project's scala-library version: 3.3.4[0m
2024.12.12 15:48:55 INFO  no build target found for /home/mmeyer/Desktop/myfiles/formal-verification/Test/tests.scala. Using presentation compiler with project's scala-library version: 3.3.4[0m
2024.12.12 15:48:56 WARN  no build target for: /home/mmeyer/Desktop/myfiles/formal-verification/Test/tests.scala[0m
2024.12.12 15:48:56 INFO  no build target found for /home/mmeyer/Desktop/myfiles/formal-verification/Test/tests.scala. Using presentation compiler with project's scala-library version: 3.3.4[0m
2024.12.12 15:49:03 INFO  no build target found for /home/mmeyer/Desktop/myfiles/formal-verification/Test/tests.scala. Using presentation compiler with project's scala-library version: 3.3.4[0m
2024.12.12 15:49:03 INFO  no build target found for /home/mmeyer/Desktop/myfiles/formal-verification/Test/tests.scala. Using presentation compiler with project's scala-library version: 3.3.4[0m
2024.12.12 15:49:03 INFO  no build target found for /home/mmeyer/Desktop/myfiles/formal-verification/Test/tests.scala. Using presentation compiler with project's scala-library version: 3.3.4[0m
2024.12.12 15:49:03 INFO  no build target found for /home/mmeyer/Desktop/myfiles/formal-verification/Test/tests.scala. Using presentation compiler with project's scala-library version: 3.3.4[0m
2024.12.12 15:49:04 INFO  no build target found for /home/mmeyer/Desktop/myfiles/formal-verification/Test/tests.scala. Using presentation compiler with project's scala-library version: 3.3.4[0m
2024.12.12 15:49:06 INFO  no build target found for /home/mmeyer/Desktop/myfiles/formal-verification/Test/tests.scala. Using presentation compiler with project's scala-library version: 3.3.4[0m
2024.12.12 15:49:12 INFO  no build target found for /home/mmeyer/Desktop/myfiles/formal-verification/Test/tests.scala. Using presentation compiler with project's scala-library version: 3.3.4[0m
2024.12.12 15:49:12 INFO  no build target found for /home/mmeyer/Desktop/myfiles/formal-verification/Test/tests.scala. Using presentation compiler with project's scala-library version: 3.3.4[0m
2024.12.12 15:49:13 INFO  no build target found for /home/mmeyer/Desktop/myfiles/formal-verification/Test/tests.scala. Using presentation compiler with project's scala-library version: 3.3.4[0m
2024.12.12 15:49:13 INFO  no build target found for /home/mmeyer/Desktop/myfiles/formal-verification/Test/tests.scala. Using presentation compiler with project's scala-library version: 3.3.4[0m
2024.12.12 15:49:14 INFO  no build target found for /home/mmeyer/Desktop/myfiles/formal-verification/Test/tests.scala. Using presentation compiler with project's scala-library version: 3.3.4[0m
2024.12.12 15:49:15 INFO  no build target found for /home/mmeyer/Desktop/myfiles/formal-verification/Test/tests.scala. Using presentation compiler with project's scala-library version: 3.3.4[0m
2024.12.12 15:49:14 INFO  no build target found for /home/mmeyer/Desktop/myfiles/formal-verification/Test/tests.scala. Using presentation compiler with project's scala-library version: 3.3.4[0m
2024.12.12 15:49:14 INFO  no build target found for /home/mmeyer/Desktop/myfiles/formal-verification/Test/tests.scala. Using presentation compiler with project's scala-library version: 3.3.4[0m
2024.12.12 15:49:14 INFO  no build target found for /home/mmeyer/Desktop/myfiles/formal-verification/Test/tests.scala. Using presentation compiler with project's scala-library version: 3.3.4[0m
2024.12.12 15:49:15 INFO  no build target found for /home/mmeyer/Desktop/myfiles/formal-verification/Test/tests.scala. Using presentation compiler with project's scala-library version: 3.3.4[0m
2024.12.12 15:49:16 INFO  no build target found for /home/mmeyer/Desktop/myfiles/formal-verification/Test/tests.scala. Using presentation compiler with project's scala-library version: 3.3.4[0m
2024.12.12 15:49:16 INFO  no build target found for /home/mmeyer/Desktop/myfiles/formal-verification/Test/tests.scala. Using presentation compiler with project's scala-library version: 3.3.4[0m
2024.12.12 15:49:16 INFO  no build target found for /home/mmeyer/Desktop/myfiles/formal-verification/Test/tests.scala. Using presentation compiler with project's scala-library version: 3.3.4[0m
2024.12.12 15:49:16 INFO  no build target found for /home/mmeyer/Desktop/myfiles/formal-verification/Test/tests.scala. Using presentation compiler with project's scala-library version: 3.3.4[0m
2024.12.12 15:49:16 INFO  no build target found for /home/mmeyer/Desktop/myfiles/formal-verification/Test/tests.scala. Using presentation compiler with project's scala-library version: 3.3.4[0m
2024.12.12 15:49:16 INFO  no build target found for /home/mmeyer/Desktop/myfiles/formal-verification/Test/tests.scala. Using presentation compiler with project's scala-library version: 3.3.4[0m
2024.12.12 15:49:16 INFO  no build target found for /home/mmeyer/Desktop/myfiles/formal-verification/Test/tests.scala. Using presentation compiler with project's scala-library version: 3.3.4[0m
2024.12.12 15:49:17 INFO  no build target found for /home/mmeyer/Desktop/myfiles/formal-verification/Test/tests.scala. Using presentation compiler with project's scala-library version: 3.3.4[0m
2024.12.12 15:49:16 INFO  no build target found for /home/mmeyer/Desktop/myfiles/formal-verification/Test/tests.scala. Using presentation compiler with project's scala-library version: 3.3.4[0m
2024.12.12 15:49:18 INFO  no build target found for /home/mmeyer/Desktop/myfiles/formal-verification/Test/tests.scala. Using presentation compiler with project's scala-library version: 3.3.4[0m
2024.12.12 15:49:18 INFO  no build target found for /home/mmeyer/Desktop/myfiles/formal-verification/Test/tests.scala. Using presentation compiler with project's scala-library version: 3.3.4[0m
2024.12.12 15:49:18 INFO  no build target found for /home/mmeyer/Desktop/myfiles/formal-verification/Test/tests.scala. Using presentation compiler with project's scala-library version: 3.3.4[0m
2024.12.12 15:49:19 INFO  no build target found for /home/mmeyer/Desktop/myfiles/formal-verification/Test/tests.scala. Using presentation compiler with project's scala-library version: 3.3.4[0m
2024.12.12 15:49:20 INFO  no build target found for /home/mmeyer/Desktop/myfiles/formal-verification/Test/tests.scala. Using presentation compiler with project's scala-library version: 3.3.4[0m
2024.12.12 15:49:20 INFO  no build target found for /home/mmeyer/Desktop/myfiles/formal-verification/Test/tests.scala. Using presentation compiler with project's scala-library version: 3.3.4[0m
2024.12.12 15:49:20 INFO  no build target found for /home/mmeyer/Desktop/myfiles/formal-verification/Test/tests.scala. Using presentation compiler with project's scala-library version: 3.3.4[0m
2024.12.12 15:49:21 INFO  no build target found for /home/mmeyer/Desktop/myfiles/formal-verification/Test/tests.scala. Using presentation compiler with project's scala-library version: 3.3.4[0m
2024.12.12 15:49:21 INFO  no build target found for /home/mmeyer/Desktop/myfiles/formal-verification/Test/tests.scala. Using presentation compiler with project's scala-library version: 3.3.4[0m
2024.12.12 15:49:22 INFO  no build target found for /home/mmeyer/Desktop/myfiles/formal-verification/Test/tests.scala. Using presentation compiler with project's scala-library version: 3.3.4[0m
2024.12.12 15:49:24 INFO  no build target found for /home/mmeyer/Desktop/myfiles/formal-verification/Test/tests.scala. Using presentation compiler with project's scala-library version: 3.3.4[0m
2024.12.12 15:49:24 INFO  no build target found for /home/mmeyer/Desktop/myfiles/formal-verification/Test/tests.scala. Using presentation compiler with project's scala-library version: 3.3.4[0m
2024.12.12 15:49:24 INFO  no build target found for /home/mmeyer/Desktop/myfiles/formal-verification/Test/tests.scala. Using presentation compiler with project's scala-library version: 3.3.4[0m
2024.12.12 15:49:24 INFO  no build target found for /home/mmeyer/Desktop/myfiles/formal-verification/Test/tests.scala. Using presentation compiler with project's scala-library version: 3.3.4[0m
2024.12.12 15:49:25 INFO  no build target found for /home/mmeyer/Desktop/myfiles/formal-verification/Test/tests.scala. Using presentation compiler with project's scala-library version: 3.3.4[0m
2024.12.12 15:49:25 INFO  no build target found for /home/mmeyer/Desktop/myfiles/formal-verification/Test/tests.scala. Using presentation compiler with project's scala-library version: 3.3.4[0m
2024.12.12 15:49:25 INFO  no build target found for /home/mmeyer/Desktop/myfiles/formal-verification/Test/tests.scala. Using presentation compiler with project's scala-library version: 3.3.4[0m
2024.12.12 15:49:25 INFO  no build target found for /home/mmeyer/Desktop/myfiles/formal-verification/Test/tests.scala. Using presentation compiler with project's scala-library version: 3.3.4[0m
2024.12.12 15:49:25 INFO  no build target found for /home/mmeyer/Desktop/myfiles/formal-verification/Test/tests.scala. Using presentation compiler with project's scala-library version: 3.3.4[0m
2024.12.12 15:49:25 INFO  no build target found for /home/mmeyer/Desktop/myfiles/formal-verification/Test/tests.scala. Using presentation compiler with project's scala-library version: 3.3.4[0m
2024.12.12 15:49:25 INFO  no build target found for /home/mmeyer/Desktop/myfiles/formal-verification/Test/tests.scala. Using presentation compiler with project's scala-library version: 3.3.4[0m
2024.12.12 15:49:26 INFO  no build target found for /home/mmeyer/Desktop/myfiles/formal-verification/Test/tests.scala. Using presentation compiler with project's scala-library version: 3.3.4[0m
2024.12.12 15:49:25 INFO  no build target found for /home/mmeyer/Desktop/myfiles/formal-verification/Test/tests.scala. Using presentation compiler with project's scala-library version: 3.3.4[0m
2024.12.12 15:49:25 INFO  no build target found for /home/mmeyer/Desktop/myfiles/formal-verification/Test/tests.scala. Using presentation compiler with project's scala-library version: 3.3.4[0m
2024.12.12 15:49:25 INFO  no build target found for /home/mmeyer/Desktop/myfiles/formal-verification/Test/tests.scala. Using presentation compiler with project's scala-library version: 3.3.4[0m
2024.12.12 15:49:26 INFO  no build target found for /home/mmeyer/Desktop/myfiles/formal-verification/Test/tests.scala. Using presentation compiler with project's scala-library version: 3.3.4[0m
2024.12.12 15:49:26 INFO  no build target found for /home/mmeyer/Desktop/myfiles/formal-verification/Test/tests.scala. Using presentation compiler with project's scala-library version: 3.3.4[0m
2024.12.12 15:49:26 INFO  no build target found for /home/mmeyer/Desktop/myfiles/formal-verification/Test/tests.scala. Using presentation compiler with project's scala-library version: 3.3.4[0m
2024.12.12 15:49:26 INFO  no build target found for /home/mmeyer/Desktop/myfiles/formal-verification/Test/tests.scala. Using presentation compiler with project's scala-library version: 3.3.4[0m
2024.12.12 15:49:27 INFO  no build target found for /home/mmeyer/Desktop/myfiles/formal-verification/Test/tests.scala. Using presentation compiler with project's scala-library version: 3.3.4[0m
2024.12.12 15:49:27 INFO  no build target found for /home/mmeyer/Desktop/myfiles/formal-verification/Test/tests.scala. Using presentation compiler with project's scala-library version: 3.3.4[0m
2024.12.12 15:49:27 INFO  no build target found for /home/mmeyer/Desktop/myfiles/formal-verification/Test/tests.scala. Using presentation compiler with project's scala-library version: 3.3.4[0m
2024.12.12 15:49:27 INFO  no build target found for /home/mmeyer/Desktop/myfiles/formal-verification/Test/tests.scala. Using presentation compiler with project's scala-library version: 3.3.4[0m
2024.12.12 15:49:27 INFO  no build target found for /home/mmeyer/Desktop/myfiles/formal-verification/Test/tests.scala. Using presentation compiler with project's scala-library version: 3.3.4[0m
2024.12.12 15:49:27 INFO  no build target found for /home/mmeyer/Desktop/myfiles/formal-verification/Test/tests.scala. Using presentation compiler with project's scala-library version: 3.3.4[0m
2024.12.12 15:49:27 INFO  no build target found for /home/mmeyer/Desktop/myfiles/formal-verification/Test/tests.scala. Using presentation compiler with project's scala-library version: 3.3.4[0m
2024.12.12 15:49:27 INFO  no build target found for /home/mmeyer/Desktop/myfiles/formal-verification/Test/tests.scala. Using presentation compiler with project's scala-library version: 3.3.4[0m
2024.12.12 15:49:27 INFO  no build target found for /home/mmeyer/Desktop/myfiles/formal-verification/Test/tests.scala. Using presentation compiler with project's scala-library version: 3.3.4[0m
2024.12.12 15:49:27 INFO  no build target found for /home/mmeyer/Desktop/myfiles/formal-verification/Test/tests.scala. Using presentation compiler with project's scala-library version: 3.3.4[0m
2024.12.12 15:49:28 INFO  no build target found for /home/mmeyer/Desktop/myfiles/formal-verification/Test/tests.scala. Using presentation compiler with project's scala-library version: 3.3.4[0m
2024.12.12 15:49:27 INFO  no build target found for /home/mmeyer/Desktop/myfiles/formal-verification/Test/tests.scala. Using presentation compiler with project's scala-library version: 3.3.4[0m
2024.12.12 15:49:28 INFO  no build target found for /home/mmeyer/Desktop/myfiles/formal-verification/Test/tests.scala. Using presentation compiler with project's scala-library version: 3.3.4[0m
2024.12.12 15:49:28 INFO  no build target found for /home/mmeyer/Desktop/myfiles/formal-verification/Test/tests.scala. Using presentation compiler with project's scala-library version: 3.3.4[0m
2024.12.12 15:49:29 INFO  no build target found for /home/mmeyer/Desktop/myfiles/formal-verification/Test/tests.scala. Using presentation compiler with project's scala-library version: 3.3.4[0m
2024.12.12 15:49:31 INFO  no build target found for /home/mmeyer/Desktop/myfiles/formal-verification/Test/tests.scala. Using presentation compiler with project's scala-library version: 3.3.4[0m
2024.12.12 15:49:31 INFO  no build target found for /home/mmeyer/Desktop/myfiles/formal-verification/Test/tests.scala. Using presentation compiler with project's scala-library version: 3.3.4[0m
2024.12.12 15:49:31 INFO  no build target found for /home/mmeyer/Desktop/myfiles/formal-verification/Test/tests.scala. Using presentation compiler with project's scala-library version: 3.3.4[0m
2024.12.12 15:49:32 INFO  no build target found for /home/mmeyer/Desktop/myfiles/formal-verification/Test/tests.scala. Using presentation compiler with project's scala-library version: 3.3.4[0m
2024.12.12 15:49:32 INFO  no build target found for /home/mmeyer/Desktop/myfiles/formal-verification/Test/tests.scala. Using presentation compiler with project's scala-library version: 3.3.4[0m
2024.12.12 15:49:33 INFO  no build target found for /home/mmeyer/Desktop/myfiles/formal-verification/Test/tests.scala. Using presentation compiler with project's scala-library version: 3.3.4[0m
2024.12.12 15:49:32 INFO  no build target found for /home/mmeyer/Desktop/myfiles/formal-verification/Test/tests.scala. Using presentation compiler with project's scala-library version: 3.3.4[0m
2024.12.12 15:49:32 INFO  no build target found for /home/mmeyer/Desktop/myfiles/formal-verification/Test/tests.scala. Using presentation compiler with project's scala-library version: 3.3.4[0m
2024.12.12 15:49:32 INFO  no build target found for /home/mmeyer/Desktop/myfiles/formal-verification/Test/tests.scala. Using presentation compiler with project's scala-library version: 3.3.4[0m
2024.12.12 15:49:32 INFO  no build target found for /home/mmeyer/Desktop/myfiles/formal-verification/Test/tests.scala. Using presentation compiler with project's scala-library version: 3.3.4[0m
2024.12.12 15:49:33 INFO  no build target found for /home/mmeyer/Desktop/myfiles/formal-verification/Test/tests.scala. Using presentation compiler with project's scala-library version: 3.3.4[0m
2024.12.12 15:49:32 INFO  no build target found for /home/mmeyer/Desktop/myfiles/formal-verification/Test/tests.scala. Using presentation compiler with project's scala-library version: 3.3.4[0m
2024.12.12 15:49:33 INFO  no build target found for /home/mmeyer/Desktop/myfiles/formal-verification/Test/tests.scala. Using presentation compiler with project's scala-library version: 3.3.4[0m
2024.12.12 15:49:34 INFO  no build target found for /home/mmeyer/Desktop/myfiles/formal-verification/Test/tests.scala. Using presentation compiler with project's scala-library version: 3.3.4[0m
2024.12.12 15:49:33 INFO  no build target found for /home/mmeyer/Desktop/myfiles/formal-verification/Test/tests.scala. Using presentation compiler with project's scala-library version: 3.3.4[0m
2024.12.12 15:49:33 INFO  no build target found for /home/mmeyer/Desktop/myfiles/formal-verification/Test/tests.scala. Using presentation compiler with project's scala-library version: 3.3.4[0m
2024.12.12 15:49:34 INFO  no build target found for /home/mmeyer/Desktop/myfiles/formal-verification/Test/tests.scala. Using presentation compiler with project's scala-library version: 3.3.4[0m
2024.12.12 15:49:35 INFO  no build target found for /home/mmeyer/Desktop/myfiles/formal-verification/Test/tests.scala. Using presentation compiler with project's scala-library version: 3.3.4[0m
2024.12.12 15:49:35 INFO  no build target found for /home/mmeyer/Desktop/myfiles/formal-verification/Test/tests.scala. Using presentation compiler with project's scala-library version: 3.3.4[0m
2024.12.12 15:49:35 INFO  no build target found for /home/mmeyer/Desktop/myfiles/formal-verification/Test/tests.scala. Using presentation compiler with project's scala-library version: 3.3.4[0m
2024.12.12 15:49:36 INFO  no build target found for /home/mmeyer/Desktop/myfiles/formal-verification/Test/tests.scala. Using presentation compiler with project's scala-library version: 3.3.4[0m
2024.12.12 15:49:35 INFO  no build target found for /home/mmeyer/Desktop/myfiles/formal-verification/Test/tests.scala. Using presentation compiler with project's scala-library version: 3.3.4[0m
2024.12.12 15:49:35 INFO  no build target found for /home/mmeyer/Desktop/myfiles/formal-verification/Test/tests.scala. Using presentation compiler with project's scala-library version: 3.3.4[0m
2024.12.12 15:49:35 INFO  no build target found for /home/mmeyer/Desktop/myfiles/formal-verification/Test/tests.scala. Using presentation compiler with project's scala-library version: 3.3.4[0m
2024.12.12 15:49:35 INFO  no build target found for /home/mmeyer/Desktop/myfiles/formal-verification/Test/tests.scala. Using presentation compiler with project's scala-library version: 3.3.4[0m
2024.12.12 15:49:35 INFO  no build target found for /home/mmeyer/Desktop/myfiles/formal-verification/Test/tests.scala. Using presentation compiler with project's scala-library version: 3.3.4[0m
2024.12.12 15:49:35 INFO  no build target found for /home/mmeyer/Desktop/myfiles/formal-verification/Test/tests.scala. Using presentation compiler with project's scala-library version: 3.3.4[0m
2024.12.12 15:49:36 INFO  no build target found for /home/mmeyer/Desktop/myfiles/formal-verification/Test/tests.scala. Using presentation compiler with project's scala-library version: 3.3.4[0m
2024.12.12 15:49:35 INFO  no build target found for /home/mmeyer/Desktop/myfiles/formal-verification/Test/tests.scala. Using presentation compiler with project's scala-library version: 3.3.4[0m
2024.12.12 15:49:37 INFO  no build target found for /home/mmeyer/Desktop/myfiles/formal-verification/Test/tests.scala. Using presentation compiler with project's scala-library version: 3.3.4[0m
2024.12.12 15:49:37 INFO  no build target found for /home/mmeyer/Desktop/myfiles/formal-verification/Test/tests.scala. Using presentation compiler with project's scala-library version: 3.3.4[0m
2024.12.12 15:49:38 INFO  no build target found for /home/mmeyer/Desktop/myfiles/formal-verification/Test/tests.scala. Using presentation compiler with project's scala-library version: 3.3.4[0m
2024.12.12 15:49:37 INFO  no build target found for /home/mmeyer/Desktop/myfiles/formal-verification/Test/tests.scala. Using presentation compiler with project's scala-library version: 3.3.4[0m
2024.12.12 15:49:39 INFO  no build target found for /home/mmeyer/Desktop/myfiles/formal-verification/Test/tests.scala. Using presentation compiler with project's scala-library version: 3.3.4[0m
2024.12.12 15:49:39 INFO  no build target found for /home/mmeyer/Desktop/myfiles/formal-verification/Test/tests.scala. Using presentation compiler with project's scala-library version: 3.3.4[0m
2024.12.12 15:49:39 WARN  no build target for: /home/mmeyer/Desktop/myfiles/formal-verification/Test/tests.scala[0m
2024.12.12 15:49:39 INFO  no build target found for /home/mmeyer/Desktop/myfiles/formal-verification/Test/tests.scala. Using presentation compiler with project's scala-library version: 3.3.4[0m
2024.12.12 15:49:39 INFO  no build target found for /home/mmeyer/Desktop/myfiles/formal-verification/Test/tests.scala. Using presentation compiler with project's scala-library version: 3.3.4[0m
2024.12.12 15:49:39 INFO  no build target found for /home/mmeyer/Desktop/myfiles/formal-verification/Test/tests.scala. Using presentation compiler with project's scala-library version: 3.3.4[0m
2024.12.12 15:49:39 INFO  no build target found for /home/mmeyer/Desktop/myfiles/formal-verification/Test/tests.scala. Using presentation compiler with project's scala-library version: 3.3.4[0m
2024.12.12 15:50:01 INFO  no build target found for /home/mmeyer/Desktop/myfiles/formal-verification/Test/tests.scala. Using presentation compiler with project's scala-library version: 3.3.4[0m
2024.12.12 15:50:25 INFO  no build target found for /home/mmeyer/Desktop/myfiles/formal-verification/Test/tests.scala. Using presentation compiler with project's scala-library version: 3.3.4[0m
2024.12.12 15:50:45 INFO  no build target found for /home/mmeyer/Desktop/myfiles/formal-verification/Test/tests.scala. Using presentation compiler with project's scala-library version: 3.3.4[0m
2024.12.12 15:50:45 INFO  no build target found for /home/mmeyer/Desktop/myfiles/formal-verification/Test/tests.scala. Using presentation compiler with project's scala-library version: 3.3.4[0m
2024.12.12 15:50:45 INFO  no build target found for /home/mmeyer/Desktop/myfiles/formal-verification/Test/tests.scala. Using presentation compiler with project's scala-library version: 3.3.4[0m
2024.12.12 15:50:45 INFO  no build target found for /home/mmeyer/Desktop/myfiles/formal-verification/Test/tests.scala. Using presentation compiler with project's scala-library version: 3.3.4[0m
2024.12.12 15:50:56 INFO  no build target found for /home/mmeyer/Desktop/myfiles/formal-verification/Test/tests.scala. Using presentation compiler with project's scala-library version: 3.3.4[0m
2024.12.12 15:51:05 INFO  no build target found for /home/mmeyer/Desktop/myfiles/formal-verification/Test/tests.scala. Using presentation compiler with project's scala-library version: 3.3.4[0m
2024.12.12 15:51:05 INFO  no build target found for /home/mmeyer/Desktop/myfiles/formal-verification/Test/tests.scala. Using presentation compiler with project's scala-library version: 3.3.4[0m
2024.12.12 15:51:05 INFO  no build target found for /home/mmeyer/Desktop/myfiles/formal-verification/Test/tests.scala. Using presentation compiler with project's scala-library version: 3.3.4[0m
2024.12.12 15:51:06 INFO  no build target found for /home/mmeyer/Desktop/myfiles/formal-verification/Test/tests.scala. Using presentation compiler with project's scala-library version: 3.3.4[0m
2024.12.12 15:51:06 INFO  no build target found for /home/mmeyer/Desktop/myfiles/formal-verification/Test/tests.scala. Using presentation compiler with project's scala-library version: 3.3.4[0m
2024.12.12 15:51:06 INFO  no build target found for /home/mmeyer/Desktop/myfiles/formal-verification/Test/tests.scala. Using presentation compiler with project's scala-library version: 3.3.4[0m
2024.12.12 15:51:16 INFO  no build target found for /home/mmeyer/Desktop/myfiles/formal-verification/Test/tests.scala. Using presentation compiler with project's scala-library version: 3.3.4[0m
2024.12.12 15:51:16 INFO  no build target found for /home/mmeyer/Desktop/myfiles/formal-verification/Test/tests.scala. Using presentation compiler with project's scala-library version: 3.3.4[0m
2024.12.12 15:51:18 INFO  no build target found for /home/mmeyer/Desktop/myfiles/formal-verification/Test/tests.scala. Using presentation compiler with project's scala-library version: 3.3.4[0m
2024.12.12 15:51:18 INFO  no build target found for /home/mmeyer/Desktop/myfiles/formal-verification/Test/tests.scala. Using presentation compiler with project's scala-library version: 3.3.4[0m
2024.12.12 15:51:18 INFO  no build target found for /home/mmeyer/Desktop/myfiles/formal-verification/Test/tests.scala. Using presentation compiler with project's scala-library version: 3.3.4[0m
2024.12.12 15:51:19 INFO  no build target found for /home/mmeyer/Desktop/myfiles/formal-verification/Test/tests.scala. Using presentation compiler with project's scala-library version: 3.3.4[0m
2024.12.12 15:51:19 INFO  no build target found for /home/mmeyer/Desktop/myfiles/formal-verification/Test/tests.scala. Using presentation compiler with project's scala-library version: 3.3.4[0m
2024.12.12 15:51:19 INFO  no build target found for /home/mmeyer/Desktop/myfiles/formal-verification/Test/tests.scala. Using presentation compiler with project's scala-library version: 3.3.4[0m
2024.12.12 15:51:21 INFO  no build target found for /home/mmeyer/Desktop/myfiles/formal-verification/Test/tests.scala. Using presentation compiler with project's scala-library version: 3.3.4[0m
2024.12.12 15:51:21 INFO  no build target found for /home/mmeyer/Desktop/myfiles/formal-verification/Test/tests.scala. Using presentation compiler with project's scala-library version: 3.3.4[0m
2024.12.12 15:51:21 INFO  no build target found for /home/mmeyer/Desktop/myfiles/formal-verification/Test/tests.scala. Using presentation compiler with project's scala-library version: 3.3.4[0m
2024.12.12 15:51:21 INFO  no build target found for /home/mmeyer/Desktop/myfiles/formal-verification/Test/tests.scala. Using presentation compiler with project's scala-library version: 3.3.4[0m
Dec 12, 2024 3:51:21 PM scala.meta.internal.pc.CompilerAccess handleError
SEVERE: A severe compiler error occurred, full details of the error can be found in the error report /home/mmeyer/Desktop/myfiles/formal-verification/.metals/.reports/metals-full/2024-12-12/r_compiler-error_15-51-21-663.md
2024.12.12 15:51:21 INFO  no build target found for /home/mmeyer/Desktop/myfiles/formal-verification/Test/tests.scala. Using presentation compiler with project's scala-library version: 3.3.4[0m
2024.12.12 15:51:21 INFO  no build target found for /home/mmeyer/Desktop/myfiles/formal-verification/Test/tests.scala. Using presentation compiler with project's scala-library version: 3.3.4[0m
Dec 12, 2024 3:51:21 PM scala.meta.internal.pc.CompilerAccess handleError
SEVERE: A severe compiler error occurred, full details of the error can be found in the error report /home/mmeyer/Desktop/myfiles/formal-verification/.metals/.reports/metals-full/2024-12-12/r_compiler-error_15-51-21-818.md
2024.12.12 15:51:21 INFO  no build target found for /home/mmeyer/Desktop/myfiles/formal-verification/Test/tests.scala. Using presentation compiler with project's scala-library version: 3.3.4[0m
2024.12.12 15:51:21 INFO  no build target found for /home/mmeyer/Desktop/myfiles/formal-verification/Test/tests.scala. Using presentation compiler with project's scala-library version: 3.3.4[0m
2024.12.12 15:51:21 INFO  no build target found for /home/mmeyer/Desktop/myfiles/formal-verification/Test/tests.scala. Using presentation compiler with project's scala-library version: 3.3.4[0m
Dec 12, 2024 3:51:22 PM scala.meta.internal.pc.CompilerAccess handleError
SEVERE: A severe compiler error occurred, full details of the error can be found in the error report /home/mmeyer/Desktop/myfiles/formal-verification/.metals/.reports/metals-full/2024-12-12/r_compiler-error_15-51-22-141.md
2024.12.12 15:51:22 INFO  no build target found for /home/mmeyer/Desktop/myfiles/formal-verification/Test/tests.scala. Using presentation compiler with project's scala-library version: 3.3.4[0m
2024.12.12 15:51:22 INFO  no build target found for /home/mmeyer/Desktop/myfiles/formal-verification/Test/tests.scala. Using presentation compiler with project's scala-library version: 3.3.4[0m
2024.12.12 15:51:22 INFO  no build target found for /home/mmeyer/Desktop/myfiles/formal-verification/Test/tests.scala. Using presentation compiler with project's scala-library version: 3.3.4[0m
2024.12.12 15:51:22 INFO  no build target found for /home/mmeyer/Desktop/myfiles/formal-verification/Test/tests.scala. Using presentation compiler with project's scala-library version: 3.3.4[0m
2024.12.12 15:51:22 INFO  no build target found for /home/mmeyer/Desktop/myfiles/formal-verification/Test/tests.scala. Using presentation compiler with project's scala-library version: 3.3.4[0m
2024.12.12 15:51:22 INFO  no build target found for /home/mmeyer/Desktop/myfiles/formal-verification/Test/tests.scala. Using presentation compiler with project's scala-library version: 3.3.4[0m
2024.12.12 15:51:22 INFO  no build target found for /home/mmeyer/Desktop/myfiles/formal-verification/Test/tests.scala. Using presentation compiler with project's scala-library version: 3.3.4[0m
Dec 12, 2024 3:51:23 PM scala.meta.internal.pc.CompilerAccess handleError
SEVERE: A severe compiler error occurred, full details of the error can be found in the error report /home/mmeyer/Desktop/myfiles/formal-verification/.metals/.reports/metals-full/2024-12-12/r_compiler-error_15-51-23-041.md
Dec 12, 2024 3:51:23 PM org.eclipse.lsp4j.jsonrpc.RemoteEndpoint handleCancellation
WARNING: Unmatched cancel notification for request id 593
2024.12.12 15:51:22 INFO  no build target found for /home/mmeyer/Desktop/myfiles/formal-verification/Test/tests.scala. Using presentation compiler with project's scala-library version: 3.3.4[0m
Dec 12, 2024 3:51:23 PM scala.meta.internal.pc.CompilerAccess handleError
SEVERE: A severe compiler error occurred, full details of the error can be found in the error report /home/mmeyer/Desktop/myfiles/formal-verification/.metals/.reports/metals-full/2024-12-12/r_compiler-error_15-51-23-151.md
2024.12.12 15:51:23 INFO  no build target found for /home/mmeyer/Desktop/myfiles/formal-verification/Test/tests.scala. Using presentation compiler with project's scala-library version: 3.3.4[0m
2024.12.12 15:51:23 INFO  no build target found for /home/mmeyer/Desktop/myfiles/formal-verification/Test/tests.scala. Using presentation compiler with project's scala-library version: 3.3.4[0m
2024.12.12 15:51:23 INFO  no build target found for /home/mmeyer/Desktop/myfiles/formal-verification/Test/tests.scala. Using presentation compiler with project's scala-library version: 3.3.4[0m
2024.12.12 15:51:23 INFO  no build target found for /home/mmeyer/Desktop/myfiles/formal-verification/Test/tests.scala. Using presentation compiler with project's scala-library version: 3.3.4[0m
2024.12.12 15:51:23 INFO  no build target found for /home/mmeyer/Desktop/myfiles/formal-verification/Test/tests.scala. Using presentation compiler with project's scala-library version: 3.3.4[0m
2024.12.12 15:51:23 INFO  no build target found for /home/mmeyer/Desktop/myfiles/formal-verification/Test/tests.scala. Using presentation compiler with project's scala-library version: 3.3.4[0m
2024.12.12 15:51:23 INFO  no build target found for /home/mmeyer/Desktop/myfiles/formal-verification/Test/tests.scala. Using presentation compiler with project's scala-library version: 3.3.4[0m
2024.12.12 15:51:23 INFO  no build target found for /home/mmeyer/Desktop/myfiles/formal-verification/Test/tests.scala. Using presentation compiler with project's scala-library version: 3.3.4[0m
2024.12.12 15:51:24 INFO  no build target found for /home/mmeyer/Desktop/myfiles/formal-verification/Test/tests.scala. Using presentation compiler with project's scala-library version: 3.3.4[0m
2024.12.12 15:51:24 INFO  no build target found for /home/mmeyer/Desktop/myfiles/formal-verification/Test/tests.scala. Using presentation compiler with project's scala-library version: 3.3.4[0m
2024.12.12 15:51:24 INFO  no build target found for /home/mmeyer/Desktop/myfiles/formal-verification/Test/tests.scala. Using presentation compiler with project's scala-library version: 3.3.4[0m
2024.12.12 15:51:24 INFO  no build target found for /home/mmeyer/Desktop/myfiles/formal-verification/Test/tests.scala. Using presentation compiler with project's scala-library version: 3.3.4[0m
2024.12.12 15:51:25 INFO  no build target found for /home/mmeyer/Desktop/myfiles/formal-verification/Test/tests.scala. Using presentation compiler with project's scala-library version: 3.3.4[0m
2024.12.12 15:51:25 WARN  no build target for: /home/mmeyer/Desktop/myfiles/formal-verification/Test/tests.scala[0m
2024.12.12 15:51:25 INFO  no build target found for /home/mmeyer/Desktop/myfiles/formal-verification/Test/tests.scala. Using presentation compiler with project's scala-library version: 3.3.4[0m
2024.12.12 15:51:38 INFO  no build target found for /home/mmeyer/Desktop/myfiles/formal-verification/Test/tests.scala. Using presentation compiler with project's scala-library version: 3.3.4[0m
2024.12.12 15:51:45 INFO  no build target found for /home/mmeyer/Desktop/myfiles/formal-verification/Test/tests.scala. Using presentation compiler with project's scala-library version: 3.3.4[0m
2024.12.12 15:52:02 INFO  no build target found for /home/mmeyer/Desktop/myfiles/formal-verification/Test/tests.scala. Using presentation compiler with project's scala-library version: 3.3.4[0m
2024.12.12 15:52:02 INFO  no build target found for /home/mmeyer/Desktop/myfiles/formal-verification/Test/tests.scala. Using presentation compiler with project's scala-library version: 3.3.4[0m
2024.12.12 15:52:34 INFO  no build target found for /home/mmeyer/Desktop/myfiles/formal-verification/Test/tests.scala. Using presentation compiler with project's scala-library version: 3.3.4[0m
2024.12.12 15:52:44 INFO  no build target found for /home/mmeyer/Desktop/myfiles/formal-verification/Test/tests.scala. Using presentation compiler with project's scala-library version: 3.3.4[0m
2024.12.12 15:52:44 INFO  no build target found for /home/mmeyer/Desktop/myfiles/formal-verification/Test/tests.scala. Using presentation compiler with project's scala-library version: 3.3.4[0m
2024.12.12 15:52:45 INFO  no build target found for /home/mmeyer/Desktop/myfiles/formal-verification/Test/tests.scala. Using presentation compiler with project's scala-library version: 3.3.4[0m
2024.12.12 15:52:47 INFO  no build target found for /home/mmeyer/Desktop/myfiles/formal-verification/Test/tests.scala. Using presentation compiler with project's scala-library version: 3.3.4[0m
2024.12.12 15:52:48 INFO  no build target found for /home/mmeyer/Desktop/myfiles/formal-verification/Test/tests.scala. Using presentation compiler with project's scala-library version: 3.3.4[0m
2024.12.12 15:52:48 INFO  no build target found for /home/mmeyer/Desktop/myfiles/formal-verification/Test/tests.scala. Using presentation compiler with project's scala-library version: 3.3.4[0m
2024.12.12 15:52:48 INFO  no build target found for /home/mmeyer/Desktop/myfiles/formal-verification/Test/tests.scala. Using presentation compiler with project's scala-library version: 3.3.4[0m
2024.12.12 15:52:48 INFO  no build target found for /home/mmeyer/Desktop/myfiles/formal-verification/Test/tests.scala. Using presentation compiler with project's scala-library version: 3.3.4[0m
2024.12.12 15:52:48 INFO  no build target found for /home/mmeyer/Desktop/myfiles/formal-verification/Test/tests.scala. Using presentation compiler with project's scala-library version: 3.3.4[0m
2024.12.12 15:52:48 INFO  no build target found for /home/mmeyer/Desktop/myfiles/formal-verification/Test/tests.scala. Using presentation compiler with project's scala-library version: 3.3.4[0m
2024.12.12 15:52:48 INFO  no build target found for /home/mmeyer/Desktop/myfiles/formal-verification/Test/tests.scala. Using presentation compiler with project's scala-library version: 3.3.4[0m
2024.12.12 15:52:48 INFO  no build target found for /home/mmeyer/Desktop/myfiles/formal-verification/Test/tests.scala. Using presentation compiler with project's scala-library version: 3.3.4[0m
2024.12.12 15:52:49 INFO  no build target found for /home/mmeyer/Desktop/myfiles/formal-verification/Test/tests.scala. Using presentation compiler with project's scala-library version: 3.3.4[0m
2024.12.12 15:52:49 INFO  no build target found for /home/mmeyer/Desktop/myfiles/formal-verification/Test/tests.scala. Using presentation compiler with project's scala-library version: 3.3.4[0m
2024.12.12 15:52:50 INFO  no build target found for /home/mmeyer/Desktop/myfiles/formal-verification/Test/tests.scala. Using presentation compiler with project's scala-library version: 3.3.4[0m
2024.12.12 15:52:49 INFO  no build target found for /home/mmeyer/Desktop/myfiles/formal-verification/Test/tests.scala. Using presentation compiler with project's scala-library version: 3.3.4[0m
2024.12.12 15:52:49 INFO  no build target found for /home/mmeyer/Desktop/myfiles/formal-verification/Test/tests.scala. Using presentation compiler with project's scala-library version: 3.3.4[0m
2024.12.12 15:52:51 INFO  no build target found for /home/mmeyer/Desktop/myfiles/formal-verification/Test/tests.scala. Using presentation compiler with project's scala-library version: 3.3.4[0m
2024.12.12 15:52:50 INFO  no build target found for /home/mmeyer/Desktop/myfiles/formal-verification/Test/tests.scala. Using presentation compiler with project's scala-library version: 3.3.4[0m
2024.12.12 15:52:52 INFO  no build target found for /home/mmeyer/Desktop/myfiles/formal-verification/Test/tests.scala. Using presentation compiler with project's scala-library version: 3.3.4[0m
2024.12.12 15:52:55 INFO  no build target found for /home/mmeyer/Desktop/myfiles/formal-verification/Test/tests.scala. Using presentation compiler with project's scala-library version: 3.3.4[0m
2024.12.12 15:52:55 INFO  no build target found for /home/mmeyer/Desktop/myfiles/formal-verification/Test/tests.scala. Using presentation compiler with project's scala-library version: 3.3.4[0m
2024.12.12 15:52:56 INFO  no build target found for /home/mmeyer/Desktop/myfiles/formal-verification/Test/tests.scala. Using presentation compiler with project's scala-library version: 3.3.4[0m
2024.12.12 15:52:56 INFO  no build target found for /home/mmeyer/Desktop/myfiles/formal-verification/Test/tests.scala. Using presentation compiler with project's scala-library version: 3.3.4[0m
2024.12.12 15:52:59 INFO  no build target found for /home/mmeyer/Desktop/myfiles/formal-verification/Test/tests.scala. Using presentation compiler with project's scala-library version: 3.3.4[0m
2024.12.12 15:52:59 INFO  no build target found for /home/mmeyer/Desktop/myfiles/formal-verification/Test/tests.scala. Using presentation compiler with project's scala-library version: 3.3.4[0m
2024.12.12 15:52:59 INFO  no build target found for /home/mmeyer/Desktop/myfiles/formal-verification/Test/tests.scala. Using presentation compiler with project's scala-library version: 3.3.4[0m
2024.12.12 15:53:00 INFO  no build target found for /home/mmeyer/Desktop/myfiles/formal-verification/Test/tests.scala. Using presentation compiler with project's scala-library version: 3.3.4[0m
2024.12.12 15:53:00 INFO  no build target found for /home/mmeyer/Desktop/myfiles/formal-verification/Test/tests.scala. Using presentation compiler with project's scala-library version: 3.3.4[0m
2024.12.12 15:53:00 INFO  no build target found for /home/mmeyer/Desktop/myfiles/formal-verification/Test/tests.scala. Using presentation compiler with project's scala-library version: 3.3.4[0m
2024.12.12 15:53:00 INFO  no build target found for /home/mmeyer/Desktop/myfiles/formal-verification/Test/tests.scala. Using presentation compiler with project's scala-library version: 3.3.4[0m
2024.12.12 15:53:00 INFO  no build target found for /home/mmeyer/Desktop/myfiles/formal-verification/Test/tests.scala. Using presentation compiler with project's scala-library version: 3.3.4[0m
2024.12.12 15:53:00 INFO  no build target found for /home/mmeyer/Desktop/myfiles/formal-verification/Test/tests.scala. Using presentation compiler with project's scala-library version: 3.3.4[0m
2024.12.12 15:53:01 INFO  no build target found for /home/mmeyer/Desktop/myfiles/formal-verification/Test/tests.scala. Using presentation compiler with project's scala-library version: 3.3.4[0m
2024.12.12 15:53:01 INFO  no build target found for /home/mmeyer/Desktop/myfiles/formal-verification/Test/tests.scala. Using presentation compiler with project's scala-library version: 3.3.4[0m
2024.12.12 15:53:00 INFO  no build target found for /home/mmeyer/Desktop/myfiles/formal-verification/Test/tests.scala. Using presentation compiler with project's scala-library version: 3.3.4[0m
2024.12.12 15:53:04 INFO  no build target found for /home/mmeyer/Desktop/myfiles/formal-verification/Test/tests.scala. Using presentation compiler with project's scala-library version: 3.3.4[0m
2024.12.12 15:53:04 INFO  no build target found for /home/mmeyer/Desktop/myfiles/formal-verification/Test/tests.scala. Using presentation compiler with project's scala-library version: 3.3.4[0m
2024.12.12 15:53:04 INFO  no build target found for /home/mmeyer/Desktop/myfiles/formal-verification/Test/tests.scala. Using presentation compiler with project's scala-library version: 3.3.4[0m
2024.12.12 15:53:04 INFO  no build target found for /home/mmeyer/Desktop/myfiles/formal-verification/Test/tests.scala. Using presentation compiler with project's scala-library version: 3.3.4[0m
2024.12.12 15:53:04 INFO  no build target found for /home/mmeyer/Desktop/myfiles/formal-verification/Test/tests.scala. Using presentation compiler with project's scala-library version: 3.3.4[0m
2024.12.12 15:53:04 INFO  no build target found for /home/mmeyer/Desktop/myfiles/formal-verification/Test/tests.scala. Using presentation compiler with project's scala-library version: 3.3.4[0m
2024.12.12 15:53:04 INFO  no build target found for /home/mmeyer/Desktop/myfiles/formal-verification/Test/tests.scala. Using presentation compiler with project's scala-library version: 3.3.4[0m
2024.12.12 15:53:05 INFO  no build target found for /home/mmeyer/Desktop/myfiles/formal-verification/Test/tests.scala. Using presentation compiler with project's scala-library version: 3.3.4[0m
2024.12.12 15:53:05 INFO  no build target found for /home/mmeyer/Desktop/myfiles/formal-verification/Test/tests.scala. Using presentation compiler with project's scala-library version: 3.3.4[0m
2024.12.12 15:53:05 INFO  no build target found for /home/mmeyer/Desktop/myfiles/formal-verification/Test/tests.scala. Using presentation compiler with project's scala-library version: 3.3.4[0m
2024.12.12 15:53:05 INFO  no build target found for /home/mmeyer/Desktop/myfiles/formal-verification/Test/tests.scala. Using presentation compiler with project's scala-library version: 3.3.4[0m
2024.12.12 15:53:05 INFO  no build target found for /home/mmeyer/Desktop/myfiles/formal-verification/Test/tests.scala. Using presentation compiler with project's scala-library version: 3.3.4[0m
2024.12.12 15:53:05 INFO  no build target found for /home/mmeyer/Desktop/myfiles/formal-verification/Test/tests.scala. Using presentation compiler with project's scala-library version: 3.3.4[0m
2024.12.12 15:53:05 INFO  no build target found for /home/mmeyer/Desktop/myfiles/formal-verification/Test/tests.scala. Using presentation compiler with project's scala-library version: 3.3.4[0m
2024.12.12 15:53:05 INFO  no build target found for /home/mmeyer/Desktop/myfiles/formal-verification/Test/tests.scala. Using presentation compiler with project's scala-library version: 3.3.4[0m
2024.12.12 15:53:07 INFO  no build target found for /home/mmeyer/Desktop/myfiles/formal-verification/Test/tests.scala. Using presentation compiler with project's scala-library version: 3.3.4[0m
2024.12.12 15:53:07 INFO  no build target found for /home/mmeyer/Desktop/myfiles/formal-verification/Test/tests.scala. Using presentation compiler with project's scala-library version: 3.3.4[0m
2024.12.12 15:53:07 INFO  no build target found for /home/mmeyer/Desktop/myfiles/formal-verification/Test/tests.scala. Using presentation compiler with project's scala-library version: 3.3.4[0m
2024.12.12 15:53:07 INFO  no build target found for /home/mmeyer/Desktop/myfiles/formal-verification/Test/tests.scala. Using presentation compiler with project's scala-library version: 3.3.4[0m
2024.12.12 15:53:07 INFO  no build target found for /home/mmeyer/Desktop/myfiles/formal-verification/Test/tests.scala. Using presentation compiler with project's scala-library version: 3.3.4[0m
2024.12.12 15:53:07 INFO  no build target found for /home/mmeyer/Desktop/myfiles/formal-verification/Test/tests.scala. Using presentation compiler with project's scala-library version: 3.3.4[0m
2024.12.12 15:53:07 INFO  no build target found for /home/mmeyer/Desktop/myfiles/formal-verification/Test/tests.scala. Using presentation compiler with project's scala-library version: 3.3.4[0m
2024.12.12 15:53:07 INFO  no build target found for /home/mmeyer/Desktop/myfiles/formal-verification/Test/tests.scala. Using presentation compiler with project's scala-library version: 3.3.4[0m
2024.12.12 15:53:07 INFO  no build target found for /home/mmeyer/Desktop/myfiles/formal-verification/Test/tests.scala. Using presentation compiler with project's scala-library version: 3.3.4[0m
2024.12.12 15:53:08 INFO  no build target found for /home/mmeyer/Desktop/myfiles/formal-verification/Test/tests.scala. Using presentation compiler with project's scala-library version: 3.3.4[0m
2024.12.12 15:53:08 INFO  no build target found for /home/mmeyer/Desktop/myfiles/formal-verification/Test/tests.scala. Using presentation compiler with project's scala-library version: 3.3.4[0m
2024.12.12 15:53:08 INFO  no build target found for /home/mmeyer/Desktop/myfiles/formal-verification/Test/tests.scala. Using presentation compiler with project's scala-library version: 3.3.4[0m
2024.12.12 15:53:08 INFO  no build target found for /home/mmeyer/Desktop/myfiles/formal-verification/Test/tests.scala. Using presentation compiler with project's scala-library version: 3.3.4[0m
2024.12.12 15:53:07 INFO  no build target found for /home/mmeyer/Desktop/myfiles/formal-verification/Test/tests.scala. Using presentation compiler with project's scala-library version: 3.3.4[0m
2024.12.12 15:53:13 WARN  no build target for: /home/mmeyer/Desktop/myfiles/formal-verification/Test/tests.scala[0m
2024.12.12 15:53:13 INFO  no build target found for /home/mmeyer/Desktop/myfiles/formal-verification/Test/tests.scala. Using presentation compiler with project's scala-library version: 3.3.4[0m
2024.12.12 15:53:41 INFO  no build target found for /home/mmeyer/Desktop/myfiles/formal-verification/Test/tests.scala. Using presentation compiler with project's scala-library version: 3.3.4[0m
2024.12.12 15:53:41 INFO  no build target found for /home/mmeyer/Desktop/myfiles/formal-verification/Test/tests.scala. Using presentation compiler with project's scala-library version: 3.3.4[0m
2024.12.12 15:53:41 INFO  no build target found for /home/mmeyer/Desktop/myfiles/formal-verification/Test/tests.scala. Using presentation compiler with project's scala-library version: 3.3.4[0m
2024.12.12 15:53:41 INFO  no build target found for /home/mmeyer/Desktop/myfiles/formal-verification/Test/tests.scala. Using presentation compiler with project's scala-library version: 3.3.4[0m
2024.12.12 15:53:42 INFO  no build target found for /home/mmeyer/Desktop/myfiles/formal-verification/Test/tests.scala. Using presentation compiler with project's scala-library version: 3.3.4[0m
2024.12.12 15:53:42 INFO  no build target found for /home/mmeyer/Desktop/myfiles/formal-verification/Test/tests.scala. Using presentation compiler with project's scala-library version: 3.3.4[0m
2024.12.12 15:53:42 WARN  no build target for: /home/mmeyer/Desktop/myfiles/formal-verification/Test/tests.scala[0m
2024.12.12 15:53:43 INFO  no build target found for /home/mmeyer/Desktop/myfiles/formal-verification/Test/tests.scala. Using presentation compiler with project's scala-library version: 3.3.4[0m
2024.12.12 15:53:49 INFO  no build target found for /home/mmeyer/Desktop/myfiles/formal-verification/Test/tests.scala. Using presentation compiler with project's scala-library version: 3.3.4[0m
2024.12.12 15:53:58 INFO  no build target found for /home/mmeyer/Desktop/myfiles/formal-verification/bplus_stainless.scala. Using presentation compiler with project's scala-library version: 3.3.4[0m
2024.12.12 15:53:58 INFO  no build target found for /home/mmeyer/Desktop/myfiles/formal-verification/bplus_stainless.scala. Using presentation compiler with project's scala-library version: 3.3.4[0m
2024.12.12 15:53:58 INFO  no build target found for /home/mmeyer/Desktop/myfiles/formal-verification/bplus_stainless.scala. Using presentation compiler with project's scala-library version: 3.3.4[0m
2024.12.12 15:53:59 INFO  no build target found for /home/mmeyer/Desktop/myfiles/formal-verification/bplus_stainless.scala. Using presentation compiler with project's scala-library version: 3.3.4[0m
2024.12.12 15:53:59 INFO  no build target found for /home/mmeyer/Desktop/myfiles/formal-verification/bplus_stainless.scala. Using presentation compiler with project's scala-library version: 3.3.4[0m
2024.12.12 15:54:12 INFO  no build target found for /home/mmeyer/Desktop/myfiles/formal-verification/Test/tests.scala. Using presentation compiler with project's scala-library version: 3.3.4[0m
2024.12.12 15:54:12 INFO  no build target found for /home/mmeyer/Desktop/myfiles/formal-verification/Test/tests.scala. Using presentation compiler with project's scala-library version: 3.3.4[0m
2024.12.12 15:54:12 INFO  no build target found for /home/mmeyer/Desktop/myfiles/formal-verification/Test/tests.scala. Using presentation compiler with project's scala-library version: 3.3.4[0m
2024.12.12 15:54:18 INFO  no build target found for /home/mmeyer/Desktop/myfiles/formal-verification/bplus_stainless.scala. Using presentation compiler with project's scala-library version: 3.3.4[0m
2024.12.12 15:54:18 INFO  no build target found for /home/mmeyer/Desktop/myfiles/formal-verification/bplus_stainless.scala. Using presentation compiler with project's scala-library version: 3.3.4[0m
2024.12.12 15:54:18 INFO  no build target found for /home/mmeyer/Desktop/myfiles/formal-verification/bplus_stainless.scala. Using presentation compiler with project's scala-library version: 3.3.4[0m
2024.12.12 15:54:19 INFO  no build target found for /home/mmeyer/Desktop/myfiles/formal-verification/bplus_stainless.scala. Using presentation compiler with project's scala-library version: 3.3.4[0m
2024.12.12 15:54:56 INFO  no build target found for /home/mmeyer/Desktop/myfiles/formal-verification/bplus_stainless.scala. Using presentation compiler with project's scala-library version: 3.3.4[0m
2024.12.12 15:55:00 INFO  no build target found for /home/mmeyer/Desktop/myfiles/formal-verification/bplus_stainless.scala. Using presentation compiler with project's scala-library version: 3.3.4[0m
2024.12.12 15:55:00 INFO  no build target found for /home/mmeyer/Desktop/myfiles/formal-verification/bplus_stainless.scala. Using presentation compiler with project's scala-library version: 3.3.4[0m
2024.12.12 15:55:03 INFO  no build target found for /home/mmeyer/Desktop/myfiles/formal-verification/bplus_stainless.scala. Using presentation compiler with project's scala-library version: 3.3.4[0m
2024.12.12 15:55:03 INFO  no build target found for /home/mmeyer/Desktop/myfiles/formal-verification/bplus_stainless.scala. Using presentation compiler with project's scala-library version: 3.3.4[0m
2024.12.12 15:55:06 INFO  no build target found for /home/mmeyer/Desktop/myfiles/formal-verification/bplus_stainless.scala. Using presentation compiler with project's scala-library version: 3.3.4[0m
2024.12.12 15:55:07 INFO  no build target found for /home/mmeyer/Desktop/myfiles/formal-verification/bplus_stainless.scala. Using presentation compiler with project's scala-library version: 3.3.4[0m
2024.12.12 15:55:47 INFO  no build target found for /home/mmeyer/Desktop/myfiles/formal-verification/bplus_stainless.scala. Using presentation compiler with project's scala-library version: 3.3.4[0m
2024.12.12 15:55:48 INFO  no build target found for /home/mmeyer/Desktop/myfiles/formal-verification/bplus_stainless.scala. Using presentation compiler with project's scala-library version: 3.3.4[0m
2024.12.12 15:55:48 INFO  no build target found for /home/mmeyer/Desktop/myfiles/formal-verification/bplus_stainless.scala. Using presentation compiler with project's scala-library version: 3.3.4[0m
2024.12.12 15:55:56 INFO  no build target found for /home/mmeyer/Desktop/myfiles/formal-verification/bplus_stainless.scala. Using presentation compiler with project's scala-library version: 3.3.4[0m
2024.12.12 15:56:30 INFO  no build target found for /home/mmeyer/Desktop/myfiles/formal-verification/bplus_stainless.scala. Using presentation compiler with project's scala-library version: 3.3.4[0m
2024.12.12 15:56:47 INFO  no build target found for /home/mmeyer/Desktop/myfiles/formal-verification/bplus_stainless.scala. Using presentation compiler with project's scala-library version: 3.3.4[0m
2024.12.12 15:56:49 INFO  no build target found for /home/mmeyer/Desktop/myfiles/formal-verification/bplus_stainless.scala. Using presentation compiler with project's scala-library version: 3.3.4[0m
2024.12.12 15:56:49 INFO  no build target found for /home/mmeyer/Desktop/myfiles/formal-verification/bplus_stainless.scala. Using presentation compiler with project's scala-library version: 3.3.4[0m
2024.12.12 15:57:07 INFO  no build target found for /home/mmeyer/Desktop/myfiles/formal-verification/bplus_stainless.scala. Using presentation compiler with project's scala-library version: 3.3.4[0m
2024.12.12 15:57:18 INFO  no build target found for /home/mmeyer/Desktop/myfiles/formal-verification/bplus_stainless.scala. Using presentation compiler with project's scala-library version: 3.3.4[0m
2024.12.12 15:58:26 INFO  no build target found for /home/mmeyer/Desktop/myfiles/formal-verification/bplus_stainless.scala. Using presentation compiler with project's scala-library version: 3.3.4[0m
2024.12.12 15:58:36 INFO  no build target found for /home/mmeyer/Desktop/myfiles/formal-verification/bplus_stainless.scala. Using presentation compiler with project's scala-library version: 3.3.4[0m
2024.12.12 15:58:51 INFO  no build target found for /home/mmeyer/Desktop/myfiles/formal-verification/bplus_stainless.scala. Using presentation compiler with project's scala-library version: 3.3.4[0m
2024.12.12 15:58:57 INFO  no build target found for /home/mmeyer/Desktop/myfiles/formal-verification/bplus_stainless.scala. Using presentation compiler with project's scala-library version: 3.3.4[0m
2024.12.12 15:58:57 INFO  no build target found for /home/mmeyer/Desktop/myfiles/formal-verification/bplus_stainless.scala. Using presentation compiler with project's scala-library version: 3.3.4[0m
2024.12.12 15:58:57 INFO  no build target found for /home/mmeyer/Desktop/myfiles/formal-verification/bplus_stainless.scala. Using presentation compiler with project's scala-library version: 3.3.4[0m
2024.12.12 15:58:59 INFO  no build target found for /home/mmeyer/Desktop/myfiles/formal-verification/bplus_stainless.scala. Using presentation compiler with project's scala-library version: 3.3.4[0m
2024.12.12 15:58:59 INFO  no build target found for /home/mmeyer/Desktop/myfiles/formal-verification/bplus_stainless.scala. Using presentation compiler with project's scala-library version: 3.3.4[0m
2024.12.12 15:58:59 INFO  no build target found for /home/mmeyer/Desktop/myfiles/formal-verification/bplus_stainless.scala. Using presentation compiler with project's scala-library version: 3.3.4[0m
2024.12.12 15:58:59 INFO  no build target found for /home/mmeyer/Desktop/myfiles/formal-verification/bplus_stainless.scala. Using presentation compiler with project's scala-library version: 3.3.4[0m
2024.12.12 15:59:00 INFO  no build target found for /home/mmeyer/Desktop/myfiles/formal-verification/bplus_stainless.scala. Using presentation compiler with project's scala-library version: 3.3.4[0m
2024.12.12 15:59:00 INFO  no build target found for /home/mmeyer/Desktop/myfiles/formal-verification/bplus_stainless.scala. Using presentation compiler with project's scala-library version: 3.3.4[0m
2024.12.12 16:11:05 INFO  no build target found for /home/mmeyer/Desktop/myfiles/formal-verification/bplus_stainless.scala. Using presentation compiler with project's scala-library version: 3.3.4[0m
2024.12.12 16:11:05 INFO  no build target found for /home/mmeyer/Desktop/myfiles/formal-verification/bplus_stainless.scala. Using presentation compiler with project's scala-library version: 3.3.4[0m
2024.12.12 16:11:05 INFO  no build target found for /home/mmeyer/Desktop/myfiles/formal-verification/bplus_stainless.scala. Using presentation compiler with project's scala-library version: 3.3.4[0m
